CONFIG
├── cl_dataset
│   └── _target_: clarena.cl_datasets.PermutedMNIST                                                                                                                                                                                                                                           
│       root: data/MNIST                                                                                                                                                                                                                                                                      
│       num_tasks: 20                                                                                                                                                                                                                                                                         
│       validation_percentage: 0.1                                                                                                                                                                                                                                                            
│       batch_size: 128                                                                                                                                                                                                                                                                       
│       permutation_mode: first_channel_only                                                                                                                                                                                                                                                  
│                                                                                                                                                                                                                                                                                             
├── backbone
│   └── _target_: clarena.backbones.AmnesiacHATMLP                                                                                                                                                                                                                                            
│       input_dim: 784                                                                                                                                                                                                                                                                        
│       hidden_dims:                                                                                                                                                                                                                                                                          
│       - 256                                                                                                                                                                                                                                                                                 
│       - 100                                                                                                                                                                                                                                                                                 
│       output_dim: 64                                                                                                                                                                                                                                                                        
│       gate: sigmoid                                                                                                                                                                                                                                                                         
│       batch_normalization: false                                                                                                                                                                                                                                                            
│                                                                                                                                                                                                                                                                                             
├── cl_algorithm
│   └── _target_: clarena.cl_algorithms.AmnesiacHAT                                                                                                                                                                                                                                           
│       buffer_size: 64                                                                                                                                                                                                                                                                       
│       distillation_reg_factor: 1.0                                                                                                                                                                                                                                                          
│       adjustment_mode: adahat                                                                                                                                                                                                                                                               
│       adjustment_intensity: 1.0e-06                                                                                                                                                                                                                                                         
│       s_max: 400.0                                                                                                                                                                                                                                                                          
│       clamp_threshold: 50                                                                                                                                                                                                                                                                   
│       mask_sparsity_reg_factor: 0.1                                                                                                                                                                                                                                                         
│       mask_sparsity_reg_mode: original                                                                                                                                                                                                                                                      
│       task_embedding_init_mode: N01                                                                                                                                                                                                                                                         
│       epsilon: 0.1                                                                                                                                                                                                                                                                          
│                                                                                                                                                                                                                                                                                             
├── optimizer
│   └── _target_: torch.optim.Adam                                                                                                                                                                                                                                                            
│       _partial_: true                                                                                                                                                                                                                                                                       
│       lr: 0.001                                                                                                                                                                                                                                                                             
│       weight_decay: 0.0                                                                                                                                                                                                                                                                     
│                                                                                                                                                                                                                                                                                             
├── lr_scheduler
│   └── _target_: torch.optim.lr_scheduler.ReduceLROnPlateau                                                                                                                                                                                                                                  
│       _partial_: true                                                                                                                                                                                                                                                                       
│       mode: min                                                                                                                                                                                                                                                                             
│       factor: 0.1                                                                                                                                                                                                                                                                           
│       patience: 10                                                                                                                                                                                                                                                                          
│                                                                                                                                                                                                                                                                                             
├── trainer
│   └── _target_: lightning.Trainer                                                                                                                                                                                                                                                           
│       accelerator: cpu                                                                                                                                                                                                                                                                      
│       devices: 1                                                                                                                                                                                                                                                                            
│       max_epochs: 2                                                                                                                                                                                                                                                                         
│       profiler:                                                                                                                                                                                                                                                                             
│         _target_: lightning.pytorch.profilers.SimpleProfiler                                                                                                                                                                                                                                
│         dirpath: amnesiachat_output/ablation_study_pmnist_5tasks/amnesiachat_no_backup_compensation/reforiginal/profiler                                                                                                                                                                    
│         filename: profiler                                                                                                                                                                                                                                                                  
│       default_root_dir: amnesiachat_output/ablation_study_pmnist_5tasks/amnesiachat_no_backup_compensation/reforiginal                                                                                                                                                                      
│       log_every_n_steps: 20                                                                                                                                                                                                                                                                 
│       enable_checkpointing: false                                                                                                                                                                                                                                                           
│                                                                                                                                                                                                                                                                                             
├── metrics
│   └── [{'_target_': 'clarena.metrics.CLAccuracy', 'save_dir': '${output_dir}/results/', 'test_acc_csv_name': 'acc.csv', 'test_acc_matrix_plot_name': 'acc_matrix.png', 'test_ave_acc_plot_name': 'ave_acc.png'}, {'_target_': 'clarena.metrics.CLLoss', 'save_dir': '${output_dir}/results/'
├── lightning_loggers
│   └── csv:                                                                                                                                                                                                                                                                                  
│         _target_: lightning.pytorch.loggers.CSVLogger                                                                                                                                                                                                                                       
│         save_dir: amnesiachat_output/ablation_study_pmnist_5tasks/amnesiachat_no_backup_compensation/reforiginal/lightning_logs/                                                                                                                                                            
│         name: csv                                                                                                                                                                                                                                                                           
│       tensorboard:                                                                                                                                                                                                                                                                          
│         _target_: lightning.pytorch.loggers.TensorBoardLogger                                                                                                                                                                                                                               
│         save_dir: amnesiachat_output/ablation_study_pmnist_5tasks/amnesiachat_no_backup_compensation/reforiginal/lightning_logs/                                                                                                                                                            
│         name: tensorboard                                                                                                                                                                                                                                                                   
│                                                                                                                                                                                                                                                                                             
├── callbacks
│   └── [{'_target_': 'clarena.callbacks.CLPylogger'}, {'_target_': 'lightning.pytorch.callbacks.RichProgressBar'}, {'_target_': 'clarena.callbacks.SaveFirstBatchImages', 'save_dir': '${output_dir}/samples/'}, {'_target_': 'clarena.callbacks.SaveModels', 'save_dir': '${output_dir}/save
├── misc
│   └── config_tree:                                                                                                                                                                                                                                                                          
│         print: true                                                                                                                                                                                                                                                                         
│         save: true                                                                                                                                                                                                                                                                          
│         save_path: amnesiachat_output/ablation_study_pmnist_5tasks/amnesiachat_no_backup_compensation/reforiginal/config_tree.log                                                                                                                                                           
│         style: dim                                                                                                                                                                                                                                                                          
│         guide_style: dim                                                                                                                                                                                                                                                                    
│       timestamp: 2025-12-29_00-11-43                                                                                                                                                                                                                                                        
│                                                                                                                                                                                                                                                                                             
├── pipeline
│   └── CUL_FULL_EXPR                                                                                                                                                                                                                                                                         
├── expr_name
│   └── amneisachat_pmnist_5tasks                                                                                                                                                                                                                                                             
├── train_tasks
│   └── 5                                                                                                                                                                                                                                                                                     
├── eval_after_tasks
│   └── 5                                                                                                                                                                                                                                                                                     
├── global_seed
│   └── 1                                                                                                                                                                                                                                                                                     
├── cl_paradigm
│   └── TIL                                                                                                                                                                                                                                                                                   
├── unlearnable_age
│   └── 3                                                                                                                                                                                                                                                                                     
└── output_dir
    └── amnesiachat_output/ablation_study_pmnist_5tasks/amnesiachat_no_backup_compensation/reforiginal                                                                                                                                                                                        
