[2025-12-28 23:57:12,018][clarena.cli][INFO] - Running: continual unlearning full experiment...
[2025-12-28 23:57:12,018][clarena.cli][INFO] - [Full Exeperiment] Running: continual unlearning main experiment...
[2025-12-28 23:57:12,863][clarena.cl_datasets.base][INFO] - Train and validation dataset for task 1 are ready.
[2025-12-28 23:57:12,863][clarena.cl_datasets.base][INFO] - Train dataset for task 1 size: 54000
[2025-12-28 23:57:12,863][clarena.cl_datasets.base][INFO] - Validation dataset for task 1 size: 6000
[2025-12-28 23:57:12,866][clarena.callbacks.pylogger][INFO] - Start training continual learning task 1!
[2025-12-28 23:58:11,476][clarena.callbacks.pylogger][INFO] - Finish training continual learning task 1!
[2025-12-28 23:58:11,477][clarena.cl_algorithms.amnesiac_hat][INFO] - Backup backbone state dicts saved for unlearning tasks.
[2025-12-28 23:58:11,526][clarena.cl_datasets.base][INFO] - Test dataset for task 1 are ready.
[2025-12-28 23:58:11,526][clarena.cl_datasets.base][INFO] - Test dataset for task 1 size: 10000
[2025-12-28 23:58:11,531][clarena.callbacks.pylogger][INFO] - Start testing continual learning task 1 on all previous and current tasks!
[2025-12-28 23:58:13,157][clarena.callbacks.pylogger][INFO] - Finish testing continual learning task 1 on all previous and current tasks!
[2025-12-28 23:58:13,176][clarena.callbacks.save_models][INFO] - Model saved!
[2025-12-28 23:58:13,219][clarena.cl_datasets.base][INFO] - Train and validation dataset for task 2 are ready.
[2025-12-28 23:58:13,219][clarena.cl_datasets.base][INFO] - Train dataset for task 2 size: 54000
[2025-12-28 23:58:13,219][clarena.cl_datasets.base][INFO] - Validation dataset for task 2 size: 6000
[2025-12-28 23:58:13,220][clarena.callbacks.pylogger][INFO] - Start training continual learning task 2!
[2025-12-28 23:59:31,428][clarena.callbacks.pylogger][INFO] - Finish training continual learning task 2!
[2025-12-28 23:59:31,429][clarena.cl_algorithms.amnesiac_hat][INFO] - Backup backbone state dicts saved for unlearning tasks.
[2025-12-28 23:59:31,448][clarena.cul_algorithms.amnesiac_hat_unlearn][INFO] - Starting unlearning process for tasks: [1]...
[2025-12-28 23:59:31,449][clarena.cul_algorithms.amnesiac_hat_unlearn][INFO] - Deleted parameter update for unlearning task [1].
[2025-12-28 23:59:32,085][clarena.cul_algorithms.amnesiac_hat_unlearn][INFO] - Unlearning process finished.
[2025-12-28 23:59:32,092][clarena.cl_datasets.base][INFO] - Test dataset for task 2 are ready.
[2025-12-28 23:59:32,093][clarena.cl_datasets.base][INFO] - Test dataset for task 2 size: 10000
[2025-12-28 23:59:32,100][clarena.callbacks.pylogger][INFO] - Start testing continual learning task 2 on all previous and current tasks!
[2025-12-28 23:59:34,568][clarena.callbacks.pylogger][INFO] - Finish testing continual learning task 2 on all previous and current tasks!
[2025-12-28 23:59:34,597][clarena.callbacks.save_models][INFO] - Model saved!
[2025-12-28 23:59:34,665][clarena.cl_datasets.base][INFO] - Train and validation dataset for task 3 are ready.
[2025-12-28 23:59:34,665][clarena.cl_datasets.base][INFO] - Train dataset for task 3 size: 54000
[2025-12-28 23:59:34,665][clarena.cl_datasets.base][INFO] - Validation dataset for task 3 size: 6000
[2025-12-28 23:59:34,666][clarena.callbacks.pylogger][INFO] - Start training continual learning task 3!
[2025-12-29 00:00:50,071][clarena.callbacks.pylogger][INFO] - Finish training continual learning task 3!
[2025-12-29 00:00:50,073][clarena.cl_algorithms.amnesiac_hat][INFO] - Backup backbone state dicts saved for unlearning tasks.
[2025-12-29 00:00:50,095][clarena.cl_datasets.base][INFO] - Test dataset for task 3 are ready.
[2025-12-29 00:00:50,095][clarena.cl_datasets.base][INFO] - Test dataset for task 3 size: 10000
[2025-12-29 00:00:50,102][clarena.callbacks.pylogger][INFO] - Start testing continual learning task 3 on all previous and current tasks!
[2025-12-29 00:00:54,240][clarena.callbacks.pylogger][INFO] - Finish testing continual learning task 3 on all previous and current tasks!
[2025-12-29 00:00:54,288][clarena.callbacks.save_models][INFO] - Model saved!
[2025-12-29 00:00:54,378][clarena.cl_datasets.base][INFO] - Train and validation dataset for task 4 are ready.
[2025-12-29 00:00:54,379][clarena.cl_datasets.base][INFO] - Train dataset for task 4 size: 54000
[2025-12-29 00:00:54,379][clarena.cl_datasets.base][INFO] - Validation dataset for task 4 size: 6000
[2025-12-29 00:00:54,381][clarena.callbacks.pylogger][INFO] - Start training continual learning task 4!
[2025-12-29 00:02:32,305][clarena.callbacks.pylogger][INFO] - Finish training continual learning task 4!
[2025-12-29 00:02:32,308][clarena.cl_algorithms.amnesiac_hat][INFO] - Backup backbone state dicts saved for unlearning tasks.
[2025-12-29 00:02:32,330][clarena.cul_algorithms.amnesiac_hat_unlearn][INFO] - Starting unlearning process for tasks: [2]...
[2025-12-29 00:02:32,331][clarena.cul_algorithms.amnesiac_hat_unlearn][INFO] - Deleted parameter update for unlearning task [2].
[2025-12-29 00:02:33,679][clarena.cul_algorithms.amnesiac_hat_unlearn][INFO] - Unlearning process finished.
[2025-12-29 00:02:33,692][clarena.cl_datasets.base][INFO] - Test dataset for task 4 are ready.
[2025-12-29 00:02:33,692][clarena.cl_datasets.base][INFO] - Test dataset for task 4 size: 10000
[2025-12-29 00:02:33,701][clarena.callbacks.pylogger][INFO] - Start testing continual learning task 4 on all previous and current tasks!
[2025-12-29 00:02:39,012][clarena.callbacks.pylogger][INFO] - Finish testing continual learning task 4 on all previous and current tasks!
[2025-12-29 00:02:39,066][clarena.callbacks.save_models][INFO] - Model saved!
[2025-12-29 00:02:39,144][clarena.cl_datasets.base][INFO] - Train and validation dataset for task 5 are ready.
[2025-12-29 00:02:39,144][clarena.cl_datasets.base][INFO] - Train dataset for task 5 size: 54000
[2025-12-29 00:02:39,144][clarena.cl_datasets.base][INFO] - Validation dataset for task 5 size: 6000
[2025-12-29 00:02:39,146][clarena.callbacks.pylogger][INFO] - Start training continual learning task 5!
[2025-12-29 00:04:13,661][clarena.callbacks.pylogger][INFO] - Finish training continual learning task 5!
[2025-12-29 00:04:13,663][clarena.cl_algorithms.amnesiac_hat][INFO] - Backup backbone state dicts saved for unlearning tasks.
[2025-12-29 00:04:13,681][clarena.cul_algorithms.amnesiac_hat_unlearn][INFO] - Starting unlearning process for tasks: [5]...
[2025-12-29 00:04:13,682][clarena.cul_algorithms.amnesiac_hat_unlearn][INFO] - Deleted parameter update for unlearning task [5].
[2025-12-29 00:04:14,821][clarena.cul_algorithms.amnesiac_hat_unlearn][INFO] - Unlearning process finished.
[2025-12-29 00:04:14,828][clarena.cl_datasets.base][INFO] - Test dataset for task 5 are ready.
[2025-12-29 00:04:14,829][clarena.cl_datasets.base][INFO] - Test dataset for task 5 size: 10000
[2025-12-29 00:04:14,838][clarena.callbacks.pylogger][INFO] - Start testing continual learning task 5 on all previous and current tasks!
[2025-12-29 00:04:21,981][clarena.callbacks.pylogger][INFO] - Finish testing continual learning task 5 on all previous and current tasks!
[2025-12-29 00:04:22,042][clarena.callbacks.save_models][INFO] - Model saved!
[2025-12-29 00:04:22,053][clarena.cli][INFO] - [Full Exeperiment] Running: reference retrain experiment (continual unlearning)...
[2025-12-29 00:04:22,142][clarena.cl_datasets.base][INFO] - Train and validation dataset for task 3 are ready.
[2025-12-29 00:04:22,142][clarena.cl_datasets.base][INFO] - Train dataset for task 3 size: 54000
[2025-12-29 00:04:22,142][clarena.cl_datasets.base][INFO] - Validation dataset for task 3 size: 6000
[2025-12-29 00:04:22,144][clarena.callbacks.pylogger][INFO] - Start training continual learning task 3!
[2025-12-29 00:05:25,635][clarena.callbacks.pylogger][INFO] - Finish training continual learning task 3!
[2025-12-29 00:05:25,658][clarena.cl_datasets.base][INFO] - Test dataset for task 3 are ready.
[2025-12-29 00:05:25,659][clarena.cl_datasets.base][INFO] - Test dataset for task 3 size: 10000
[2025-12-29 00:05:25,665][clarena.callbacks.pylogger][INFO] - Start testing continual learning task 3 on all previous and current tasks!
[2025-12-29 00:05:27,080][clarena.callbacks.pylogger][INFO] - Finish testing continual learning task 3 on all previous and current tasks!
[2025-12-29 00:05:27,091][clarena.callbacks.save_models][INFO] - Model saved!
[2025-12-29 00:05:27,166][clarena.cl_datasets.base][INFO] - Train and validation dataset for task 4 are ready.
[2025-12-29 00:05:27,166][clarena.cl_datasets.base][INFO] - Train dataset for task 4 size: 54000
[2025-12-29 00:05:27,166][clarena.cl_datasets.base][INFO] - Validation dataset for task 4 size: 6000
[2025-12-29 00:05:27,168][clarena.callbacks.pylogger][INFO] - Start training continual learning task 4!
[2025-12-29 00:06:24,012][clarena.callbacks.pylogger][INFO] - Finish training continual learning task 4!
[2025-12-29 00:06:24,035][clarena.cl_datasets.base][INFO] - Test dataset for task 4 are ready.
[2025-12-29 00:06:24,035][clarena.cl_datasets.base][INFO] - Test dataset for task 4 size: 10000
[2025-12-29 00:06:24,041][clarena.callbacks.pylogger][INFO] - Start testing continual learning task 4 on all previous and current tasks!
[2025-12-29 00:06:26,550][clarena.callbacks.pylogger][INFO] - Finish testing continual learning task 4 on all previous and current tasks!
[2025-12-29 00:06:26,560][clarena.callbacks.save_models][INFO] - Model saved!
[2025-12-29 00:06:26,572][clarena.cli][INFO] - [Full Exeperiment] Running: reference original experiment (continual unlearning)...
[2025-12-29 00:06:26,695][clarena.cl_datasets.base][INFO] - Train and validation dataset for task 1 are ready.
[2025-12-29 00:06:26,695][clarena.cl_datasets.base][INFO] - Train dataset for task 1 size: 54000
[2025-12-29 00:06:26,695][clarena.cl_datasets.base][INFO] - Validation dataset for task 1 size: 6000
[2025-12-29 00:06:26,697][clarena.callbacks.pylogger][INFO] - Start training continual learning task 1!
[2025-12-29 00:07:23,485][clarena.callbacks.pylogger][INFO] - Finish training continual learning task 1!
[2025-12-29 00:07:23,542][clarena.cl_datasets.base][INFO] - Test dataset for task 1 are ready.
[2025-12-29 00:07:23,542][clarena.cl_datasets.base][INFO] - Test dataset for task 1 size: 10000
[2025-12-29 00:07:23,547][clarena.callbacks.pylogger][INFO] - Start testing continual learning task 1 on all previous and current tasks!
[2025-12-29 00:07:24,895][clarena.callbacks.pylogger][INFO] - Finish testing continual learning task 1 on all previous and current tasks!
[2025-12-29 00:07:24,908][clarena.callbacks.save_models][INFO] - Model saved!
[2025-12-29 00:07:24,963][clarena.cl_datasets.base][INFO] - Train and validation dataset for task 2 are ready.
[2025-12-29 00:07:24,963][clarena.cl_datasets.base][INFO] - Train dataset for task 2 size: 54000
[2025-12-29 00:07:24,963][clarena.cl_datasets.base][INFO] - Validation dataset for task 2 size: 6000
[2025-12-29 00:07:24,964][clarena.callbacks.pylogger][INFO] - Start training continual learning task 2!
[2025-12-29 00:08:18,939][clarena.callbacks.pylogger][INFO] - Finish training continual learning task 2!
[2025-12-29 00:08:18,960][clarena.cl_datasets.base][INFO] - Test dataset for task 2 are ready.
[2025-12-29 00:08:18,960][clarena.cl_datasets.base][INFO] - Test dataset for task 2 size: 10000
[2025-12-29 00:08:18,965][clarena.callbacks.pylogger][INFO] - Start testing continual learning task 2 on all previous and current tasks!
[2025-12-29 00:08:21,349][clarena.callbacks.pylogger][INFO] - Finish testing continual learning task 2 on all previous and current tasks!
[2025-12-29 00:08:21,355][clarena.callbacks.save_models][INFO] - Model saved!
[2025-12-29 00:08:21,406][clarena.cl_datasets.base][INFO] - Train and validation dataset for task 3 are ready.
[2025-12-29 00:08:21,406][clarena.cl_datasets.base][INFO] - Train dataset for task 3 size: 54000
[2025-12-29 00:08:21,406][clarena.cl_datasets.base][INFO] - Validation dataset for task 3 size: 6000
[2025-12-29 00:08:21,408][clarena.callbacks.pylogger][INFO] - Start training continual learning task 3!
[2025-12-29 00:09:18,850][clarena.callbacks.pylogger][INFO] - Finish training continual learning task 3!
[2025-12-29 00:09:18,873][clarena.cl_datasets.base][INFO] - Test dataset for task 3 are ready.
[2025-12-29 00:09:18,874][clarena.cl_datasets.base][INFO] - Test dataset for task 3 size: 10000
[2025-12-29 00:09:18,882][clarena.callbacks.pylogger][INFO] - Start testing continual learning task 3 on all previous and current tasks!
[2025-12-29 00:09:22,751][clarena.callbacks.pylogger][INFO] - Finish testing continual learning task 3 on all previous and current tasks!
[2025-12-29 00:09:22,757][clarena.callbacks.save_models][INFO] - Model saved!
[2025-12-29 00:09:22,816][clarena.cl_datasets.base][INFO] - Train and validation dataset for task 4 are ready.
[2025-12-29 00:09:22,816][clarena.cl_datasets.base][INFO] - Train dataset for task 4 size: 54000
[2025-12-29 00:09:22,816][clarena.cl_datasets.base][INFO] - Validation dataset for task 4 size: 6000
[2025-12-29 00:09:22,818][clarena.callbacks.pylogger][INFO] - Start training continual learning task 4!
[2025-12-29 00:10:20,627][clarena.callbacks.pylogger][INFO] - Finish training continual learning task 4!
[2025-12-29 00:10:20,649][clarena.cl_datasets.base][INFO] - Test dataset for task 4 are ready.
[2025-12-29 00:10:20,649][clarena.cl_datasets.base][INFO] - Test dataset for task 4 size: 10000
[2025-12-29 00:10:20,656][clarena.callbacks.pylogger][INFO] - Start testing continual learning task 4 on all previous and current tasks!
[2025-12-29 00:10:25,316][clarena.callbacks.pylogger][INFO] - Finish testing continual learning task 4 on all previous and current tasks!
[2025-12-29 00:10:25,324][clarena.callbacks.save_models][INFO] - Model saved!
[2025-12-29 00:10:25,384][clarena.cl_datasets.base][INFO] - Train and validation dataset for task 5 are ready.
[2025-12-29 00:10:25,384][clarena.cl_datasets.base][INFO] - Train dataset for task 5 size: 54000
[2025-12-29 00:10:25,384][clarena.cl_datasets.base][INFO] - Validation dataset for task 5 size: 6000
[2025-12-29 00:10:25,385][clarena.callbacks.pylogger][INFO] - Start training continual learning task 5!
[2025-12-29 00:11:23,695][clarena.callbacks.pylogger][INFO] - Finish training continual learning task 5!
[2025-12-29 00:11:23,721][clarena.cl_datasets.base][INFO] - Test dataset for task 5 are ready.
[2025-12-29 00:11:23,722][clarena.cl_datasets.base][INFO] - Test dataset for task 5 size: 10000
[2025-12-29 00:11:23,729][clarena.callbacks.pylogger][INFO] - Start testing continual learning task 5 on all previous and current tasks!
[2025-12-29 00:11:29,879][clarena.callbacks.pylogger][INFO] - Finish testing continual learning task 5 on all previous and current tasks!
[2025-12-29 00:11:29,889][clarena.callbacks.save_models][INFO] - Model saved!
[2025-12-29 00:11:29,900][clarena.cli][INFO] - [Full Exeperiment] Running: continual unlearning full evaluation...
[2025-12-29 00:11:29,978][clarena.cl_datasets.base][INFO] - Test dataset for task 1 are ready.
[2025-12-29 00:11:29,979][clarena.cl_datasets.base][INFO] - Test dataset for task 1 size: 10000
[2025-12-29 00:11:29,981][clarena.cl_datasets.base][INFO] - Test dataset for task 2 are ready.
[2025-12-29 00:11:29,981][clarena.cl_datasets.base][INFO] - Test dataset for task 2 size: 10000
[2025-12-29 00:11:29,984][clarena.cl_datasets.base][INFO] - Test dataset for task 3 are ready.
[2025-12-29 00:11:29,984][clarena.cl_datasets.base][INFO] - Test dataset for task 3 size: 10000
[2025-12-29 00:11:29,986][clarena.cl_datasets.base][INFO] - Test dataset for task 4 are ready.
[2025-12-29 00:11:29,986][clarena.cl_datasets.base][INFO] - Test dataset for task 4 size: 10000
[2025-12-29 00:11:29,989][clarena.cl_datasets.base][INFO] - Test dataset for task 5 are ready.
[2025-12-29 00:11:29,990][clarena.cl_datasets.base][INFO] - Test dataset for task 5 size: 10000
[2025-12-29 00:11:29,993][clarena.cl_datasets.base][INFO] - Test dataset for task 5 are ready.
[2025-12-29 00:11:29,994][clarena.cl_datasets.base][INFO] - Test dataset for task 5 size: 10000
