[2025-12-29 00:41:43,768][clarena.cli][INFO] - Running: continual unlearning full experiment...
[2025-12-29 00:41:43,768][clarena.cli][INFO] - [Full Exeperiment] Running: continual unlearning main experiment...
[2025-12-29 00:41:44,695][clarena.cl_datasets.base][INFO] - Train and validation dataset for task 1 are ready.
[2025-12-29 00:41:44,695][clarena.cl_datasets.base][INFO] - Train dataset for task 1 size: 54000
[2025-12-29 00:41:44,695][clarena.cl_datasets.base][INFO] - Validation dataset for task 1 size: 6000
[2025-12-29 00:41:44,698][clarena.callbacks.pylogger][INFO] - Start training continual learning task 1!
[2025-12-29 00:42:44,807][clarena.callbacks.pylogger][INFO] - Finish training continual learning task 1!
[2025-12-29 00:42:44,808][clarena.cl_algorithms.amnesiac_hat][INFO] - Backup backbone state dicts saved for unlearning tasks.
[2025-12-29 00:42:44,850][clarena.cl_datasets.base][INFO] - Test dataset for task 1 are ready.
[2025-12-29 00:42:44,851][clarena.cl_datasets.base][INFO] - Test dataset for task 1 size: 10000
[2025-12-29 00:42:44,856][clarena.callbacks.pylogger][INFO] - Start testing continual learning task 1 on all previous and current tasks!
[2025-12-29 00:42:46,614][clarena.callbacks.pylogger][INFO] - Finish testing continual learning task 1 on all previous and current tasks!
[2025-12-29 00:42:46,634][clarena.callbacks.save_models][INFO] - Model saved!
[2025-12-29 00:42:46,679][clarena.cl_datasets.base][INFO] - Train and validation dataset for task 2 are ready.
[2025-12-29 00:42:46,679][clarena.cl_datasets.base][INFO] - Train dataset for task 2 size: 54000
[2025-12-29 00:42:46,680][clarena.cl_datasets.base][INFO] - Validation dataset for task 2 size: 6000
[2025-12-29 00:42:46,681][clarena.callbacks.pylogger][INFO] - Start training continual learning task 2!
[2025-12-29 00:44:02,737][clarena.callbacks.pylogger][INFO] - Finish training continual learning task 2!
[2025-12-29 00:44:02,738][clarena.cl_algorithms.amnesiac_hat][INFO] - Backup backbone state dicts saved for unlearning tasks.
[2025-12-29 00:44:02,754][clarena.cul_algorithms.amnesiac_hat_unlearn][INFO] - Starting unlearning process for tasks: [1]...
[2025-12-29 00:44:02,754][clarena.cul_algorithms.amnesiac_hat_unlearn][INFO] - Deleted parameter update for unlearning task [1].
[2025-12-29 00:44:02,755][clarena.cul_algorithms.amnesiac_hat_unlearn][INFO] - Unlearning process finished.
[2025-12-29 00:44:02,760][clarena.cl_datasets.base][INFO] - Test dataset for task 2 are ready.
[2025-12-29 00:44:02,760][clarena.cl_datasets.base][INFO] - Test dataset for task 2 size: 10000
[2025-12-29 00:44:02,766][clarena.callbacks.pylogger][INFO] - Start testing continual learning task 2 on all previous and current tasks!
[2025-12-29 00:44:05,217][clarena.callbacks.pylogger][INFO] - Finish testing continual learning task 2 on all previous and current tasks!
[2025-12-29 00:44:05,246][clarena.callbacks.save_models][INFO] - Model saved!
[2025-12-29 00:44:05,301][clarena.cl_datasets.base][INFO] - Train and validation dataset for task 3 are ready.
[2025-12-29 00:44:05,302][clarena.cl_datasets.base][INFO] - Train dataset for task 3 size: 54000
[2025-12-29 00:44:05,302][clarena.cl_datasets.base][INFO] - Validation dataset for task 3 size: 6000
[2025-12-29 00:44:05,303][clarena.callbacks.pylogger][INFO] - Start training continual learning task 3!
[2025-12-29 00:45:17,011][clarena.callbacks.pylogger][INFO] - Finish training continual learning task 3!
[2025-12-29 00:45:17,013][clarena.cl_algorithms.amnesiac_hat][INFO] - Backup backbone state dicts saved for unlearning tasks.
[2025-12-29 00:45:17,037][clarena.cl_datasets.base][INFO] - Test dataset for task 3 are ready.
[2025-12-29 00:45:17,038][clarena.cl_datasets.base][INFO] - Test dataset for task 3 size: 10000
[2025-12-29 00:45:17,045][clarena.callbacks.pylogger][INFO] - Start testing continual learning task 3 on all previous and current tasks!
[2025-12-29 00:45:20,906][clarena.callbacks.pylogger][INFO] - Finish testing continual learning task 3 on all previous and current tasks!
[2025-12-29 00:45:20,957][clarena.callbacks.save_models][INFO] - Model saved!
[2025-12-29 00:45:21,062][clarena.cl_datasets.base][INFO] - Train and validation dataset for task 4 are ready.
[2025-12-29 00:45:21,062][clarena.cl_datasets.base][INFO] - Train dataset for task 4 size: 54000
[2025-12-29 00:45:21,062][clarena.cl_datasets.base][INFO] - Validation dataset for task 4 size: 6000
[2025-12-29 00:45:21,064][clarena.callbacks.pylogger][INFO] - Start training continual learning task 4!
[2025-12-29 00:46:54,880][clarena.callbacks.pylogger][INFO] - Finish training continual learning task 4!
[2025-12-29 00:46:54,882][clarena.cl_algorithms.amnesiac_hat][INFO] - Backup backbone state dicts saved for unlearning tasks.
[2025-12-29 00:46:54,899][clarena.cul_algorithms.amnesiac_hat_unlearn][INFO] - Starting unlearning process for tasks: [2]...
[2025-12-29 00:46:54,900][clarena.cul_algorithms.amnesiac_hat_unlearn][INFO] - Deleted parameter update for unlearning task [2].
[2025-12-29 00:46:54,902][clarena.cul_algorithms.amnesiac_hat_unlearn][INFO] - Unlearning process finished.
[2025-12-29 00:46:54,909][clarena.cl_datasets.base][INFO] - Test dataset for task 4 are ready.
[2025-12-29 00:46:54,909][clarena.cl_datasets.base][INFO] - Test dataset for task 4 size: 10000
[2025-12-29 00:46:54,918][clarena.callbacks.pylogger][INFO] - Start testing continual learning task 4 on all previous and current tasks!
[2025-12-29 00:47:00,233][clarena.callbacks.pylogger][INFO] - Finish testing continual learning task 4 on all previous and current tasks!
[2025-12-29 00:47:00,280][clarena.callbacks.save_models][INFO] - Model saved!
[2025-12-29 00:47:00,347][clarena.cl_datasets.base][INFO] - Train and validation dataset for task 5 are ready.
[2025-12-29 00:47:00,348][clarena.cl_datasets.base][INFO] - Train dataset for task 5 size: 54000
[2025-12-29 00:47:00,348][clarena.cl_datasets.base][INFO] - Validation dataset for task 5 size: 6000
[2025-12-29 00:47:00,349][clarena.callbacks.pylogger][INFO] - Start training continual learning task 5!
[2025-12-29 00:48:28,111][clarena.callbacks.pylogger][INFO] - Finish training continual learning task 5!
[2025-12-29 00:48:28,113][clarena.cl_algorithms.amnesiac_hat][INFO] - Backup backbone state dicts saved for unlearning tasks.
[2025-12-29 00:48:28,131][clarena.cul_algorithms.amnesiac_hat_unlearn][INFO] - Starting unlearning process for tasks: [5]...
[2025-12-29 00:48:28,132][clarena.cul_algorithms.amnesiac_hat_unlearn][INFO] - Deleted parameter update for unlearning task [5].
[2025-12-29 00:48:28,133][clarena.cul_algorithms.amnesiac_hat_unlearn][INFO] - Unlearning process finished.
[2025-12-29 00:48:28,138][clarena.cl_datasets.base][INFO] - Test dataset for task 5 are ready.
[2025-12-29 00:48:28,139][clarena.cl_datasets.base][INFO] - Test dataset for task 5 size: 10000
[2025-12-29 00:48:28,146][clarena.callbacks.pylogger][INFO] - Start testing continual learning task 5 on all previous and current tasks!
[2025-12-29 00:48:35,206][clarena.callbacks.pylogger][INFO] - Finish testing continual learning task 5 on all previous and current tasks!
[2025-12-29 00:48:35,299][clarena.callbacks.save_models][INFO] - Model saved!
[2025-12-29 00:48:35,320][clarena.cli][INFO] - [Full Exeperiment] Running: reference retrain experiment (continual unlearning)...
[2025-12-29 00:48:35,465][clarena.cl_datasets.base][INFO] - Train and validation dataset for task 3 are ready.
[2025-12-29 00:48:35,465][clarena.cl_datasets.base][INFO] - Train dataset for task 3 size: 54000
[2025-12-29 00:48:35,465][clarena.cl_datasets.base][INFO] - Validation dataset for task 3 size: 6000
[2025-12-29 00:48:35,468][clarena.callbacks.pylogger][INFO] - Start training continual learning task 3!
[2025-12-29 00:49:53,431][clarena.callbacks.pylogger][INFO] - Finish training continual learning task 3!
[2025-12-29 00:49:53,492][clarena.cl_datasets.base][INFO] - Test dataset for task 3 are ready.
[2025-12-29 00:49:53,492][clarena.cl_datasets.base][INFO] - Test dataset for task 3 size: 10000
[2025-12-29 00:49:53,516][clarena.callbacks.pylogger][INFO] - Start testing continual learning task 3 on all previous and current tasks!
[2025-12-29 00:49:55,573][clarena.callbacks.pylogger][INFO] - Finish testing continual learning task 3 on all previous and current tasks!
[2025-12-29 00:49:55,590][clarena.callbacks.save_models][INFO] - Model saved!
[2025-12-29 00:49:55,695][clarena.cl_datasets.base][INFO] - Train and validation dataset for task 4 are ready.
[2025-12-29 00:49:55,695][clarena.cl_datasets.base][INFO] - Train dataset for task 4 size: 54000
[2025-12-29 00:49:55,695][clarena.cl_datasets.base][INFO] - Validation dataset for task 4 size: 6000
[2025-12-29 00:49:55,697][clarena.callbacks.pylogger][INFO] - Start training continual learning task 4!
[2025-12-29 00:51:09,895][clarena.callbacks.pylogger][INFO] - Finish training continual learning task 4!
[2025-12-29 00:51:09,917][clarena.cl_datasets.base][INFO] - Test dataset for task 4 are ready.
[2025-12-29 00:51:09,917][clarena.cl_datasets.base][INFO] - Test dataset for task 4 size: 10000
[2025-12-29 00:51:09,923][clarena.callbacks.pylogger][INFO] - Start testing continual learning task 4 on all previous and current tasks!
[2025-12-29 00:51:12,328][clarena.callbacks.pylogger][INFO] - Finish testing continual learning task 4 on all previous and current tasks!
[2025-12-29 00:51:12,336][clarena.callbacks.save_models][INFO] - Model saved!
[2025-12-29 00:51:12,348][clarena.cli][INFO] - [Full Exeperiment] Running: reference original experiment (continual unlearning)...
[2025-12-29 00:51:12,466][clarena.cl_datasets.base][INFO] - Train and validation dataset for task 1 are ready.
[2025-12-29 00:51:12,466][clarena.cl_datasets.base][INFO] - Train dataset for task 1 size: 54000
[2025-12-29 00:51:12,466][clarena.cl_datasets.base][INFO] - Validation dataset for task 1 size: 6000
[2025-12-29 00:51:12,468][clarena.callbacks.pylogger][INFO] - Start training continual learning task 1!
[2025-12-29 00:52:11,987][clarena.callbacks.pylogger][INFO] - Finish training continual learning task 1!
[2025-12-29 00:52:12,039][clarena.cl_datasets.base][INFO] - Test dataset for task 1 are ready.
[2025-12-29 00:52:12,039][clarena.cl_datasets.base][INFO] - Test dataset for task 1 size: 10000
[2025-12-29 00:52:12,043][clarena.callbacks.pylogger][INFO] - Start testing continual learning task 1 on all previous and current tasks!
[2025-12-29 00:52:13,289][clarena.callbacks.pylogger][INFO] - Finish testing continual learning task 1 on all previous and current tasks!
[2025-12-29 00:52:13,296][clarena.callbacks.save_models][INFO] - Model saved!
[2025-12-29 00:52:13,338][clarena.cl_datasets.base][INFO] - Train and validation dataset for task 2 are ready.
[2025-12-29 00:52:13,338][clarena.cl_datasets.base][INFO] - Train dataset for task 2 size: 54000
[2025-12-29 00:52:13,338][clarena.cl_datasets.base][INFO] - Validation dataset for task 2 size: 6000
[2025-12-29 00:52:13,339][clarena.callbacks.pylogger][INFO] - Start training continual learning task 2!
[2025-12-29 00:53:06,357][clarena.callbacks.pylogger][INFO] - Finish training continual learning task 2!
[2025-12-29 00:53:06,376][clarena.cl_datasets.base][INFO] - Test dataset for task 2 are ready.
[2025-12-29 00:53:06,377][clarena.cl_datasets.base][INFO] - Test dataset for task 2 size: 10000
[2025-12-29 00:53:06,381][clarena.callbacks.pylogger][INFO] - Start testing continual learning task 2 on all previous and current tasks!
[2025-12-29 00:53:08,337][clarena.callbacks.pylogger][INFO] - Finish testing continual learning task 2 on all previous and current tasks!
[2025-12-29 00:53:08,343][clarena.callbacks.save_models][INFO] - Model saved!
[2025-12-29 00:53:08,393][clarena.cl_datasets.base][INFO] - Train and validation dataset for task 3 are ready.
[2025-12-29 00:53:08,393][clarena.cl_datasets.base][INFO] - Train dataset for task 3 size: 54000
[2025-12-29 00:53:08,393][clarena.cl_datasets.base][INFO] - Validation dataset for task 3 size: 6000
[2025-12-29 00:53:08,394][clarena.callbacks.pylogger][INFO] - Start training continual learning task 3!
[2025-12-29 00:53:55,206][clarena.callbacks.pylogger][INFO] - Finish training continual learning task 3!
[2025-12-29 00:53:55,222][clarena.cl_datasets.base][INFO] - Test dataset for task 3 are ready.
[2025-12-29 00:53:55,222][clarena.cl_datasets.base][INFO] - Test dataset for task 3 size: 10000
[2025-12-29 00:53:55,226][clarena.callbacks.pylogger][INFO] - Start testing continual learning task 3 on all previous and current tasks!
[2025-12-29 00:53:58,129][clarena.callbacks.pylogger][INFO] - Finish testing continual learning task 3 on all previous and current tasks!
[2025-12-29 00:53:58,133][clarena.callbacks.save_models][INFO] - Model saved!
[2025-12-29 00:53:58,171][clarena.cl_datasets.base][INFO] - Train and validation dataset for task 4 are ready.
[2025-12-29 00:53:58,171][clarena.cl_datasets.base][INFO] - Train dataset for task 4 size: 54000
[2025-12-29 00:53:58,171][clarena.cl_datasets.base][INFO] - Validation dataset for task 4 size: 6000
[2025-12-29 00:53:58,172][clarena.callbacks.pylogger][INFO] - Start training continual learning task 4!
[2025-12-29 00:54:43,954][clarena.callbacks.pylogger][INFO] - Finish training continual learning task 4!
[2025-12-29 00:54:43,970][clarena.cl_datasets.base][INFO] - Test dataset for task 4 are ready.
[2025-12-29 00:54:43,970][clarena.cl_datasets.base][INFO] - Test dataset for task 4 size: 10000
[2025-12-29 00:54:43,976][clarena.callbacks.pylogger][INFO] - Start testing continual learning task 4 on all previous and current tasks!
[2025-12-29 00:54:47,730][clarena.callbacks.pylogger][INFO] - Finish testing continual learning task 4 on all previous and current tasks!
[2025-12-29 00:54:47,736][clarena.callbacks.save_models][INFO] - Model saved!
[2025-12-29 00:54:47,774][clarena.cl_datasets.base][INFO] - Train and validation dataset for task 5 are ready.
[2025-12-29 00:54:47,774][clarena.cl_datasets.base][INFO] - Train dataset for task 5 size: 54000
[2025-12-29 00:54:47,774][clarena.cl_datasets.base][INFO] - Validation dataset for task 5 size: 6000
[2025-12-29 00:54:47,775][clarena.callbacks.pylogger][INFO] - Start training continual learning task 5!
[2025-12-29 00:55:30,729][clarena.callbacks.pylogger][INFO] - Finish training continual learning task 5!
[2025-12-29 00:55:30,743][clarena.cl_datasets.base][INFO] - Test dataset for task 5 are ready.
[2025-12-29 00:55:30,744][clarena.cl_datasets.base][INFO] - Test dataset for task 5 size: 10000
[2025-12-29 00:55:30,749][clarena.callbacks.pylogger][INFO] - Start testing continual learning task 5 on all previous and current tasks!
[2025-12-29 00:55:35,132][clarena.callbacks.pylogger][INFO] - Finish testing continual learning task 5 on all previous and current tasks!
[2025-12-29 00:55:35,138][clarena.callbacks.save_models][INFO] - Model saved!
[2025-12-29 00:55:35,147][clarena.cli][INFO] - [Full Exeperiment] Running: continual unlearning full evaluation...
[2025-12-29 00:55:35,195][clarena.cl_datasets.base][INFO] - Test dataset for task 1 are ready.
[2025-12-29 00:55:35,196][clarena.cl_datasets.base][INFO] - Test dataset for task 1 size: 10000
[2025-12-29 00:55:35,198][clarena.cl_datasets.base][INFO] - Test dataset for task 2 are ready.
[2025-12-29 00:55:35,198][clarena.cl_datasets.base][INFO] - Test dataset for task 2 size: 10000
[2025-12-29 00:55:35,200][clarena.cl_datasets.base][INFO] - Test dataset for task 3 are ready.
[2025-12-29 00:55:35,200][clarena.cl_datasets.base][INFO] - Test dataset for task 3 size: 10000
[2025-12-29 00:55:35,202][clarena.cl_datasets.base][INFO] - Test dataset for task 4 are ready.
[2025-12-29 00:55:35,202][clarena.cl_datasets.base][INFO] - Test dataset for task 4 size: 10000
[2025-12-29 00:55:35,204][clarena.cl_datasets.base][INFO] - Test dataset for task 5 are ready.
[2025-12-29 00:55:35,204][clarena.cl_datasets.base][INFO] - Test dataset for task 5 size: 10000
[2025-12-29 00:55:35,207][clarena.cl_datasets.base][INFO] - Test dataset for task 5 are ready.
[2025-12-29 00:55:35,207][clarena.cl_datasets.base][INFO] - Test dataset for task 5 size: 10000
