CONFIG
├── pipeline
│   └── CUL_FULL_EVAL                                                                                                                                                                                                                                                                         
├── dd_eval_tasks
│   └── 5                                                                                                                                                                                                                                                                                     
├── ad_eval_tasks
│   └── 5                                                                                                                                                                                                                                                                                     
├── global_seed
│   └── 1                                                                                                                                                                                                                                                                                     
├── main_model_path
│   └── amnesiachat_output/ablation_study_pmnist_5tasks/amnesiachat_no_backup_compensation/saved_models/cl_model.pth                                                                                                                                                                          
├── refretrain_model_path
│   └── amnesiachat_output/ablation_study_pmnist_5tasks/amnesiachat_no_backup_compensation/refretrain/saved_models/cl_model.pth                                                                                                                                                               
├── reforiginal_model_path
│   └── amnesiachat_output/ablation_study_pmnist_5tasks/amnesiachat_no_backup_compensation/reforiginal/saved_models/cl_model.pth                                                                                                                                                              
├── cl_paradigm
│   └── TIL                                                                                                                                                                                                                                                                                   
├── cl_dataset
│   └── _target_: clarena.cl_datasets.PermutedMNIST                                                                                                                                                                                                                                           
│       root: data/MNIST                                                                                                                                                                                                                                                                      
│       num_tasks: 20                                                                                                                                                                                                                                                                         
│       validation_percentage: 0.1                                                                                                                                                                                                                                                            
│       batch_size: 128                                                                                                                                                                                                                                                                       
│       permutation_mode: first_channel_only                                                                                                                                                                                                                                                  
│                                                                                                                                                                                                                                                                                             
├── trainer
│   └── _target_: lightning.Trainer                                                                                                                                                                                                                                                           
│       accelerator: cpu                                                                                                                                                                                                                                                                      
│       devices: 1                                                                                                                                                                                                                                                                            
│       max_epochs: 2                                                                                                                                                                                                                                                                         
│       profiler:                                                                                                                                                                                                                                                                             
│         _target_: lightning.pytorch.profilers.SimpleProfiler                                                                                                                                                                                                                                
│         dirpath: amnesiachat_output/ablation_study_pmnist_5tasks/amnesiachat_no_backup_compensation/profiler                                                                                                                                                                                
│         filename: profiler                                                                                                                                                                                                                                                                  
│       default_root_dir: amnesiachat_output/ablation_study_pmnist_5tasks/amnesiachat_no_backup_compensation                                                                                                                                                                                  
│       log_every_n_steps: 20                                                                                                                                                                                                                                                                 
│       enable_checkpointing: false                                                                                                                                                                                                                                                           
│                                                                                                                                                                                                                                                                                             
├── metrics
│   └── [{'_target_': 'clarena.metrics.CULDistributionDistance', 'save_dir': '${output_dir}/results/', 'distribution_distance_type': 'cka', 'distribution_distance_csv_name': 'dd.csv', 'distribution_distance_plot_name': 'dd.png'}, {'_target_': 'clarena.metrics.CULAccuracyDifference', 's
├── callbacks
│   └── [{'_target_': 'lightning.pytorch.callbacks.RichProgressBar'}]                                                                                                                                                                                                                         
├── misc
│   └── config_tree:                                                                                                                                                                                                                                                                          
│         print: true                                                                                                                                                                                                                                                                         
│         save: true                                                                                                                                                                                                                                                                          
│         save_path: amnesiachat_output/ablation_study_pmnist_5tasks/amnesiachat_no_backup_compensation/config_tree.log                                                                                                                                                                       
│         style: dim                                                                                                                                                                                                                                                                          
│         guide_style: dim                                                                                                                                                                                                                                                                    
│       timestamp: 2025-12-29_00-11-43                                                                                                                                                                                                                                                        
│                                                                                                                                                                                                                                                                                             
└── output_dir
    └── amnesiachat_output/ablation_study_pmnist_5tasks/amnesiachat_no_backup_compensation                                                                                                                                                                                                    
