[2025-12-29 00:11:43,092][clarena.cli][INFO] - Running: continual unlearning full experiment...
[2025-12-29 00:11:43,093][clarena.cli][INFO] - [Full Exeperiment] Running: continual unlearning main experiment...
[2025-12-29 00:11:44,210][clarena.cl_datasets.base][INFO] - Train and validation dataset for task 1 are ready.
[2025-12-29 00:11:44,210][clarena.cl_datasets.base][INFO] - Train dataset for task 1 size: 54000
[2025-12-29 00:11:44,210][clarena.cl_datasets.base][INFO] - Validation dataset for task 1 size: 6000
[2025-12-29 00:11:44,214][clarena.callbacks.pylogger][INFO] - Start training continual learning task 1!
[2025-12-29 00:12:55,297][clarena.callbacks.pylogger][INFO] - Finish training continual learning task 1!
[2025-12-29 00:12:55,303][clarena.cl_algorithms.amnesiac_hat][INFO] - Backup backbone state dicts saved for unlearning tasks.
[2025-12-29 00:12:55,357][clarena.cl_datasets.base][INFO] - Test dataset for task 1 are ready.
[2025-12-29 00:12:55,357][clarena.cl_datasets.base][INFO] - Test dataset for task 1 size: 10000
[2025-12-29 00:12:55,364][clarena.callbacks.pylogger][INFO] - Start testing continual learning task 1 on all previous and current tasks!
[2025-12-29 00:12:57,199][clarena.callbacks.pylogger][INFO] - Finish testing continual learning task 1 on all previous and current tasks!
[2025-12-29 00:12:57,221][clarena.callbacks.save_models][INFO] - Model saved!
[2025-12-29 00:12:57,274][clarena.cl_datasets.base][INFO] - Train and validation dataset for task 2 are ready.
[2025-12-29 00:12:57,274][clarena.cl_datasets.base][INFO] - Train dataset for task 2 size: 54000
[2025-12-29 00:12:57,275][clarena.cl_datasets.base][INFO] - Validation dataset for task 2 size: 6000
[2025-12-29 00:12:57,276][clarena.callbacks.pylogger][INFO] - Start training continual learning task 2!
[2025-12-29 00:14:21,549][clarena.callbacks.pylogger][INFO] - Finish training continual learning task 2!
[2025-12-29 00:14:21,551][clarena.cl_algorithms.amnesiac_hat][INFO] - Backup backbone state dicts saved for unlearning tasks.
[2025-12-29 00:14:21,567][clarena.cul_algorithms.amnesiac_hat_unlearn][INFO] - Starting unlearning process for tasks: [1]...
[2025-12-29 00:14:21,567][clarena.cul_algorithms.amnesiac_hat_unlearn][INFO] - Deleted parameter update for unlearning task [1].
[2025-12-29 00:14:22,198][clarena.cul_algorithms.amnesiac_hat_unlearn][INFO] - Unlearning process finished.
[2025-12-29 00:14:22,205][clarena.cl_datasets.base][INFO] - Test dataset for task 2 are ready.
[2025-12-29 00:14:22,205][clarena.cl_datasets.base][INFO] - Test dataset for task 2 size: 10000
[2025-12-29 00:14:22,213][clarena.callbacks.pylogger][INFO] - Start testing continual learning task 2 on all previous and current tasks!
[2025-12-29 00:14:24,863][clarena.callbacks.pylogger][INFO] - Finish testing continual learning task 2 on all previous and current tasks!
[2025-12-29 00:14:24,894][clarena.callbacks.save_models][INFO] - Model saved!
[2025-12-29 00:14:24,976][clarena.cl_datasets.base][INFO] - Train and validation dataset for task 3 are ready.
[2025-12-29 00:14:24,977][clarena.cl_datasets.base][INFO] - Train dataset for task 3 size: 54000
[2025-12-29 00:14:24,977][clarena.cl_datasets.base][INFO] - Validation dataset for task 3 size: 6000
[2025-12-29 00:14:24,979][clarena.callbacks.pylogger][INFO] - Start training continual learning task 3!
[2025-12-29 00:15:42,949][clarena.callbacks.pylogger][INFO] - Finish training continual learning task 3!
[2025-12-29 00:15:42,950][clarena.cl_algorithms.amnesiac_hat][INFO] - Backup backbone state dicts saved for unlearning tasks.
[2025-12-29 00:15:42,977][clarena.cl_datasets.base][INFO] - Test dataset for task 3 are ready.
[2025-12-29 00:15:42,977][clarena.cl_datasets.base][INFO] - Test dataset for task 3 size: 10000
[2025-12-29 00:15:42,984][clarena.callbacks.pylogger][INFO] - Start testing continual learning task 3 on all previous and current tasks!
[2025-12-29 00:15:46,733][clarena.callbacks.pylogger][INFO] - Finish testing continual learning task 3 on all previous and current tasks!
[2025-12-29 00:15:46,779][clarena.callbacks.save_models][INFO] - Model saved!
[2025-12-29 00:15:46,845][clarena.cl_datasets.base][INFO] - Train and validation dataset for task 4 are ready.
[2025-12-29 00:15:46,845][clarena.cl_datasets.base][INFO] - Train dataset for task 4 size: 54000
[2025-12-29 00:15:46,845][clarena.cl_datasets.base][INFO] - Validation dataset for task 4 size: 6000
[2025-12-29 00:15:46,847][clarena.callbacks.pylogger][INFO] - Start training continual learning task 4!
[2025-12-29 00:17:20,593][clarena.callbacks.pylogger][INFO] - Finish training continual learning task 4!
[2025-12-29 00:17:20,595][clarena.cl_algorithms.amnesiac_hat][INFO] - Backup backbone state dicts saved for unlearning tasks.
[2025-12-29 00:17:20,616][clarena.cul_algorithms.amnesiac_hat_unlearn][INFO] - Starting unlearning process for tasks: [2]...
[2025-12-29 00:17:20,616][clarena.cul_algorithms.amnesiac_hat_unlearn][INFO] - Deleted parameter update for unlearning task [2].
[2025-12-29 00:17:21,892][clarena.cul_algorithms.amnesiac_hat_unlearn][INFO] - Unlearning process finished.
[2025-12-29 00:17:21,901][clarena.cl_datasets.base][INFO] - Test dataset for task 4 are ready.
[2025-12-29 00:17:21,902][clarena.cl_datasets.base][INFO] - Test dataset for task 4 size: 10000
[2025-12-29 00:17:21,910][clarena.callbacks.pylogger][INFO] - Start testing continual learning task 4 on all previous and current tasks!
[2025-12-29 00:17:27,587][clarena.callbacks.pylogger][INFO] - Finish testing continual learning task 4 on all previous and current tasks!
[2025-12-29 00:17:27,635][clarena.callbacks.save_models][INFO] - Model saved!
[2025-12-29 00:17:27,699][clarena.cl_datasets.base][INFO] - Train and validation dataset for task 5 are ready.
[2025-12-29 00:17:27,699][clarena.cl_datasets.base][INFO] - Train dataset for task 5 size: 54000
[2025-12-29 00:17:27,700][clarena.cl_datasets.base][INFO] - Validation dataset for task 5 size: 6000
[2025-12-29 00:17:27,701][clarena.callbacks.pylogger][INFO] - Start training continual learning task 5!
[2025-12-29 00:19:02,853][clarena.callbacks.pylogger][INFO] - Finish training continual learning task 5!
[2025-12-29 00:19:02,855][clarena.cl_algorithms.amnesiac_hat][INFO] - Backup backbone state dicts saved for unlearning tasks.
[2025-12-29 00:19:02,876][clarena.cul_algorithms.amnesiac_hat_unlearn][INFO] - Starting unlearning process for tasks: [5]...
[2025-12-29 00:19:02,877][clarena.cul_algorithms.amnesiac_hat_unlearn][INFO] - Deleted parameter update for unlearning task [5].
[2025-12-29 00:19:03,856][clarena.cul_algorithms.amnesiac_hat_unlearn][INFO] - Unlearning process finished.
[2025-12-29 00:19:03,864][clarena.cl_datasets.base][INFO] - Test dataset for task 5 are ready.
[2025-12-29 00:19:03,864][clarena.cl_datasets.base][INFO] - Test dataset for task 5 size: 10000
[2025-12-29 00:19:03,873][clarena.callbacks.pylogger][INFO] - Start testing continual learning task 5 on all previous and current tasks!
[2025-12-29 00:19:10,877][clarena.callbacks.pylogger][INFO] - Finish testing continual learning task 5 on all previous and current tasks!
[2025-12-29 00:19:10,951][clarena.callbacks.save_models][INFO] - Model saved!
[2025-12-29 00:19:10,962][clarena.cli][INFO] - [Full Exeperiment] Running: reference retrain experiment (continual unlearning)...
[2025-12-29 00:19:11,066][clarena.cl_datasets.base][INFO] - Train and validation dataset for task 3 are ready.
[2025-12-29 00:19:11,066][clarena.cl_datasets.base][INFO] - Train dataset for task 3 size: 54000
[2025-12-29 00:19:11,066][clarena.cl_datasets.base][INFO] - Validation dataset for task 3 size: 6000
[2025-12-29 00:19:11,069][clarena.callbacks.pylogger][INFO] - Start training continual learning task 3!
[2025-12-29 00:20:19,803][clarena.callbacks.pylogger][INFO] - Finish training continual learning task 3!
[2025-12-29 00:20:19,830][clarena.cl_datasets.base][INFO] - Test dataset for task 3 are ready.
[2025-12-29 00:20:19,831][clarena.cl_datasets.base][INFO] - Test dataset for task 3 size: 10000
[2025-12-29 00:20:19,836][clarena.callbacks.pylogger][INFO] - Start testing continual learning task 3 on all previous and current tasks!
[2025-12-29 00:20:21,451][clarena.callbacks.pylogger][INFO] - Finish testing continual learning task 3 on all previous and current tasks!
[2025-12-29 00:20:21,462][clarena.callbacks.save_models][INFO] - Model saved!
[2025-12-29 00:20:21,555][clarena.cl_datasets.base][INFO] - Train and validation dataset for task 4 are ready.
[2025-12-29 00:20:21,556][clarena.cl_datasets.base][INFO] - Train dataset for task 4 size: 54000
[2025-12-29 00:20:21,556][clarena.cl_datasets.base][INFO] - Validation dataset for task 4 size: 6000
[2025-12-29 00:20:21,558][clarena.callbacks.pylogger][INFO] - Start training continual learning task 4!
[2025-12-29 00:21:40,821][clarena.callbacks.pylogger][INFO] - Finish training continual learning task 4!
[2025-12-29 00:21:40,850][clarena.cl_datasets.base][INFO] - Test dataset for task 4 are ready.
[2025-12-29 00:21:40,850][clarena.cl_datasets.base][INFO] - Test dataset for task 4 size: 10000
[2025-12-29 00:21:40,860][clarena.callbacks.pylogger][INFO] - Start testing continual learning task 4 on all previous and current tasks!
[2025-12-29 00:21:44,091][clarena.callbacks.pylogger][INFO] - Finish testing continual learning task 4 on all previous and current tasks!
[2025-12-29 00:21:44,101][clarena.callbacks.save_models][INFO] - Model saved!
[2025-12-29 00:21:44,114][clarena.cli][INFO] - [Full Exeperiment] Running: reference original experiment (continual unlearning)...
[2025-12-29 00:21:44,248][clarena.cl_datasets.base][INFO] - Train and validation dataset for task 1 are ready.
[2025-12-29 00:21:44,248][clarena.cl_datasets.base][INFO] - Train dataset for task 1 size: 54000
[2025-12-29 00:21:44,248][clarena.cl_datasets.base][INFO] - Validation dataset for task 1 size: 6000
[2025-12-29 00:21:44,250][clarena.callbacks.pylogger][INFO] - Start training continual learning task 1!
[2025-12-29 00:22:58,051][clarena.callbacks.pylogger][INFO] - Finish training continual learning task 1!
[2025-12-29 00:22:58,119][clarena.cl_datasets.base][INFO] - Test dataset for task 1 are ready.
[2025-12-29 00:22:58,119][clarena.cl_datasets.base][INFO] - Test dataset for task 1 size: 10000
[2025-12-29 00:22:58,125][clarena.callbacks.pylogger][INFO] - Start testing continual learning task 1 on all previous and current tasks!
[2025-12-29 00:22:59,884][clarena.callbacks.pylogger][INFO] - Finish testing continual learning task 1 on all previous and current tasks!
[2025-12-29 00:22:59,894][clarena.callbacks.save_models][INFO] - Model saved!
[2025-12-29 00:22:59,949][clarena.cl_datasets.base][INFO] - Train and validation dataset for task 2 are ready.
[2025-12-29 00:22:59,949][clarena.cl_datasets.base][INFO] - Train dataset for task 2 size: 54000
[2025-12-29 00:22:59,949][clarena.cl_datasets.base][INFO] - Validation dataset for task 2 size: 6000
[2025-12-29 00:22:59,951][clarena.callbacks.pylogger][INFO] - Start training continual learning task 2!
[2025-12-29 00:24:10,431][clarena.callbacks.pylogger][INFO] - Finish training continual learning task 2!
[2025-12-29 00:24:10,456][clarena.cl_datasets.base][INFO] - Test dataset for task 2 are ready.
[2025-12-29 00:24:10,456][clarena.cl_datasets.base][INFO] - Test dataset for task 2 size: 10000
[2025-12-29 00:24:10,463][clarena.callbacks.pylogger][INFO] - Start testing continual learning task 2 on all previous and current tasks!
[2025-12-29 00:24:13,343][clarena.callbacks.pylogger][INFO] - Finish testing continual learning task 2 on all previous and current tasks!
[2025-12-29 00:24:13,352][clarena.callbacks.save_models][INFO] - Model saved!
[2025-12-29 00:24:13,439][clarena.cl_datasets.base][INFO] - Train and validation dataset for task 3 are ready.
[2025-12-29 00:24:13,439][clarena.cl_datasets.base][INFO] - Train dataset for task 3 size: 54000
[2025-12-29 00:24:13,439][clarena.cl_datasets.base][INFO] - Validation dataset for task 3 size: 6000
[2025-12-29 00:24:13,441][clarena.callbacks.pylogger][INFO] - Start training continual learning task 3!
[2025-12-29 00:25:27,157][clarena.callbacks.pylogger][INFO] - Finish training continual learning task 3!
[2025-12-29 00:25:27,187][clarena.cl_datasets.base][INFO] - Test dataset for task 3 are ready.
[2025-12-29 00:25:27,188][clarena.cl_datasets.base][INFO] - Test dataset for task 3 size: 10000
[2025-12-29 00:25:27,198][clarena.callbacks.pylogger][INFO] - Start testing continual learning task 3 on all previous and current tasks!
[2025-12-29 00:25:32,428][clarena.callbacks.pylogger][INFO] - Finish testing continual learning task 3 on all previous and current tasks!
[2025-12-29 00:25:32,439][clarena.callbacks.save_models][INFO] - Model saved!
[2025-12-29 00:25:32,568][clarena.cl_datasets.base][INFO] - Train and validation dataset for task 4 are ready.
[2025-12-29 00:25:32,569][clarena.cl_datasets.base][INFO] - Train dataset for task 4 size: 54000
[2025-12-29 00:25:32,569][clarena.cl_datasets.base][INFO] - Validation dataset for task 4 size: 6000
[2025-12-29 00:25:32,573][clarena.callbacks.pylogger][INFO] - Start training continual learning task 4!
[2025-12-29 00:26:54,848][clarena.callbacks.pylogger][INFO] - Finish training continual learning task 4!
[2025-12-29 00:26:54,877][clarena.cl_datasets.base][INFO] - Test dataset for task 4 are ready.
[2025-12-29 00:26:54,878][clarena.cl_datasets.base][INFO] - Test dataset for task 4 size: 10000
[2025-12-29 00:26:54,888][clarena.callbacks.pylogger][INFO] - Start testing continual learning task 4 on all previous and current tasks!
[2025-12-29 00:27:01,464][clarena.callbacks.pylogger][INFO] - Finish testing continual learning task 4 on all previous and current tasks!
[2025-12-29 00:27:01,474][clarena.callbacks.save_models][INFO] - Model saved!
[2025-12-29 00:27:01,555][clarena.cl_datasets.base][INFO] - Train and validation dataset for task 5 are ready.
[2025-12-29 00:27:01,556][clarena.cl_datasets.base][INFO] - Train dataset for task 5 size: 54000
[2025-12-29 00:27:01,556][clarena.cl_datasets.base][INFO] - Validation dataset for task 5 size: 6000
[2025-12-29 00:27:01,557][clarena.callbacks.pylogger][INFO] - Start training continual learning task 5!
[2025-12-29 00:28:11,871][clarena.callbacks.pylogger][INFO] - Finish training continual learning task 5!
[2025-12-29 00:28:11,896][clarena.cl_datasets.base][INFO] - Test dataset for task 5 are ready.
[2025-12-29 00:28:11,896][clarena.cl_datasets.base][INFO] - Test dataset for task 5 size: 10000
[2025-12-29 00:28:11,904][clarena.callbacks.pylogger][INFO] - Start testing continual learning task 5 on all previous and current tasks!
[2025-12-29 00:28:19,632][clarena.callbacks.pylogger][INFO] - Finish testing continual learning task 5 on all previous and current tasks!
[2025-12-29 00:28:19,643][clarena.callbacks.save_models][INFO] - Model saved!
[2025-12-29 00:28:19,657][clarena.cli][INFO] - [Full Exeperiment] Running: continual unlearning full evaluation...
[2025-12-29 00:28:19,740][clarena.cl_datasets.base][INFO] - Test dataset for task 1 are ready.
[2025-12-29 00:28:19,740][clarena.cl_datasets.base][INFO] - Test dataset for task 1 size: 10000
[2025-12-29 00:28:19,746][clarena.cl_datasets.base][INFO] - Test dataset for task 2 are ready.
[2025-12-29 00:28:19,746][clarena.cl_datasets.base][INFO] - Test dataset for task 2 size: 10000
[2025-12-29 00:28:19,750][clarena.cl_datasets.base][INFO] - Test dataset for task 3 are ready.
[2025-12-29 00:28:19,750][clarena.cl_datasets.base][INFO] - Test dataset for task 3 size: 10000
[2025-12-29 00:28:19,754][clarena.cl_datasets.base][INFO] - Test dataset for task 4 are ready.
[2025-12-29 00:28:19,754][clarena.cl_datasets.base][INFO] - Test dataset for task 4 size: 10000
[2025-12-29 00:28:19,758][clarena.cl_datasets.base][INFO] - Test dataset for task 5 are ready.
[2025-12-29 00:28:19,759][clarena.cl_datasets.base][INFO] - Test dataset for task 5 size: 10000
[2025-12-29 00:28:19,764][clarena.cl_datasets.base][INFO] - Test dataset for task 5 are ready.
[2025-12-29 00:28:19,764][clarena.cl_datasets.base][INFO] - Test dataset for task 5 size: 10000
