[2025-12-28 22:28:45,107][clarena.cli][INFO] - Running: continual unlearning full experiment...
[2025-12-28 22:28:45,107][clarena.cli][INFO] - [Full Exeperiment] Running: continual unlearning main experiment...
[2025-12-28 22:28:45,981][clarena.cl_datasets.base][INFO] - Train and validation dataset for task 1 are ready.
[2025-12-28 22:28:45,981][clarena.cl_datasets.base][INFO] - Train dataset for task 1 size: 54000
[2025-12-28 22:28:45,981][clarena.cl_datasets.base][INFO] - Validation dataset for task 1 size: 6000
[2025-12-28 22:28:45,984][clarena.callbacks.pylogger][INFO] - Start training continual learning task 1!
[2025-12-28 22:29:48,372][clarena.callbacks.pylogger][INFO] - Finish training continual learning task 1!
[2025-12-28 22:29:48,374][clarena.cl_algorithms.amnesiac_hat][INFO] - Backup backbone state dicts saved for unlearning tasks.
[2025-12-28 22:29:48,422][clarena.cl_datasets.base][INFO] - Test dataset for task 1 are ready.
[2025-12-28 22:29:48,423][clarena.cl_datasets.base][INFO] - Test dataset for task 1 size: 10000
[2025-12-28 22:29:48,429][clarena.callbacks.pylogger][INFO] - Start testing continual learning task 1 on all previous and current tasks!
[2025-12-28 22:29:50,637][clarena.callbacks.pylogger][INFO] - Finish testing continual learning task 1 on all previous and current tasks!
[2025-12-28 22:29:50,697][clarena.callbacks.save_models][INFO] - Model saved!
[2025-12-28 22:29:50,777][clarena.cl_datasets.base][INFO] - Train and validation dataset for task 2 are ready.
[2025-12-28 22:29:50,777][clarena.cl_datasets.base][INFO] - Train dataset for task 2 size: 54000
[2025-12-28 22:29:50,777][clarena.cl_datasets.base][INFO] - Validation dataset for task 2 size: 6000
[2025-12-28 22:29:50,780][clarena.callbacks.pylogger][INFO] - Start training continual learning task 2!
[2025-12-28 22:31:12,482][clarena.callbacks.pylogger][INFO] - Finish training continual learning task 2!
[2025-12-28 22:31:12,483][clarena.cl_algorithms.amnesiac_hat][INFO] - Backup backbone state dicts saved for unlearning tasks.
[2025-12-28 22:31:12,500][clarena.cul_algorithms.amnesiac_hat_unlearn][INFO] - Starting unlearning process for tasks: [1]...
[2025-12-28 22:31:12,501][clarena.cul_algorithms.amnesiac_hat_unlearn][INFO] - Deleted parameter update for unlearning task [1].
[2025-12-28 22:31:12,628][clarena.cul_algorithms.amnesiac_hat_unlearn][INFO] - Unlearning process finished.
[2025-12-28 22:31:12,635][clarena.cl_datasets.base][INFO] - Test dataset for task 2 are ready.
[2025-12-28 22:31:12,635][clarena.cl_datasets.base][INFO] - Test dataset for task 2 size: 10000
[2025-12-28 22:31:12,641][clarena.callbacks.pylogger][INFO] - Start testing continual learning task 2 on all previous and current tasks!
[2025-12-28 22:31:15,284][clarena.callbacks.pylogger][INFO] - Finish testing continual learning task 2 on all previous and current tasks!
[2025-12-28 22:31:15,314][clarena.callbacks.save_models][INFO] - Model saved!
[2025-12-28 22:31:15,386][clarena.cl_datasets.base][INFO] - Train and validation dataset for task 3 are ready.
[2025-12-28 22:31:15,387][clarena.cl_datasets.base][INFO] - Train dataset for task 3 size: 54000
[2025-12-28 22:31:15,387][clarena.cl_datasets.base][INFO] - Validation dataset for task 3 size: 6000
[2025-12-28 22:31:15,388][clarena.callbacks.pylogger][INFO] - Start training continual learning task 3!
[2025-12-28 22:32:30,632][clarena.callbacks.pylogger][INFO] - Finish training continual learning task 3!
[2025-12-28 22:32:30,634][clarena.cl_algorithms.amnesiac_hat][INFO] - Backup backbone state dicts saved for unlearning tasks.
[2025-12-28 22:32:30,656][clarena.cl_datasets.base][INFO] - Test dataset for task 3 are ready.
[2025-12-28 22:32:30,656][clarena.cl_datasets.base][INFO] - Test dataset for task 3 size: 10000
[2025-12-28 22:32:30,663][clarena.callbacks.pylogger][INFO] - Start testing continual learning task 3 on all previous and current tasks!
[2025-12-28 22:32:34,547][clarena.callbacks.pylogger][INFO] - Finish testing continual learning task 3 on all previous and current tasks!
[2025-12-28 22:32:34,590][clarena.callbacks.save_models][INFO] - Model saved!
[2025-12-28 22:32:34,680][clarena.cl_datasets.base][INFO] - Train and validation dataset for task 4 are ready.
[2025-12-28 22:32:34,680][clarena.cl_datasets.base][INFO] - Train dataset for task 4 size: 54000
[2025-12-28 22:32:34,680][clarena.cl_datasets.base][INFO] - Validation dataset for task 4 size: 6000
[2025-12-28 22:32:34,682][clarena.callbacks.pylogger][INFO] - Start training continual learning task 4!
[2025-12-28 22:34:08,419][clarena.callbacks.pylogger][INFO] - Finish training continual learning task 4!
[2025-12-28 22:34:08,422][clarena.cl_algorithms.amnesiac_hat][INFO] - Backup backbone state dicts saved for unlearning tasks.
[2025-12-28 22:34:08,440][clarena.cul_algorithms.amnesiac_hat_unlearn][INFO] - Starting unlearning process for tasks: [2]...
[2025-12-28 22:34:08,441][clarena.cul_algorithms.amnesiac_hat_unlearn][INFO] - Deleted parameter update for unlearning task [2].
[2025-12-28 22:34:08,708][clarena.cul_algorithms.amnesiac_hat_unlearn][INFO] - Unlearning process finished.
[2025-12-28 22:34:08,716][clarena.cl_datasets.base][INFO] - Test dataset for task 4 are ready.
[2025-12-28 22:34:08,716][clarena.cl_datasets.base][INFO] - Test dataset for task 4 size: 10000
[2025-12-28 22:34:08,725][clarena.callbacks.pylogger][INFO] - Start testing continual learning task 4 on all previous and current tasks!
[2025-12-28 22:34:14,636][clarena.callbacks.pylogger][INFO] - Finish testing continual learning task 4 on all previous and current tasks!
[2025-12-28 22:34:14,685][clarena.callbacks.save_models][INFO] - Model saved!
[2025-12-28 22:34:14,766][clarena.cl_datasets.base][INFO] - Train and validation dataset for task 5 are ready.
[2025-12-28 22:34:14,767][clarena.cl_datasets.base][INFO] - Train dataset for task 5 size: 54000
[2025-12-28 22:34:14,767][clarena.cl_datasets.base][INFO] - Validation dataset for task 5 size: 6000
[2025-12-28 22:34:14,768][clarena.callbacks.pylogger][INFO] - Start training continual learning task 5!
[2025-12-28 22:35:47,072][clarena.callbacks.pylogger][INFO] - Finish training continual learning task 5!
[2025-12-28 22:35:47,074][clarena.cl_algorithms.amnesiac_hat][INFO] - Backup backbone state dicts saved for unlearning tasks.
[2025-12-28 22:35:47,094][clarena.cul_algorithms.amnesiac_hat_unlearn][INFO] - Starting unlearning process for tasks: [5]...
[2025-12-28 22:35:47,094][clarena.cul_algorithms.amnesiac_hat_unlearn][INFO] - Deleted parameter update for unlearning task [5].
[2025-12-28 22:35:47,280][clarena.cul_algorithms.amnesiac_hat_unlearn][INFO] - Unlearning process finished.
[2025-12-28 22:35:47,289][clarena.cl_datasets.base][INFO] - Test dataset for task 5 are ready.
[2025-12-28 22:35:47,289][clarena.cl_datasets.base][INFO] - Test dataset for task 5 size: 10000
[2025-12-28 22:35:47,299][clarena.callbacks.pylogger][INFO] - Start testing continual learning task 5 on all previous and current tasks!
[2025-12-28 22:35:54,171][clarena.callbacks.pylogger][INFO] - Finish testing continual learning task 5 on all previous and current tasks!
[2025-12-28 22:35:54,230][clarena.callbacks.save_models][INFO] - Model saved!
[2025-12-28 22:35:54,241][clarena.cli][INFO] - [Full Exeperiment] Running: reference retrain experiment (continual unlearning)...
[2025-12-28 22:35:54,333][clarena.cl_datasets.base][INFO] - Train and validation dataset for task 3 are ready.
[2025-12-28 22:35:54,334][clarena.cl_datasets.base][INFO] - Train dataset for task 3 size: 54000
[2025-12-28 22:35:54,334][clarena.cl_datasets.base][INFO] - Validation dataset for task 3 size: 6000
[2025-12-28 22:35:54,335][clarena.callbacks.pylogger][INFO] - Start training continual learning task 3!
[2025-12-28 22:36:59,619][clarena.callbacks.pylogger][INFO] - Finish training continual learning task 3!
[2025-12-28 22:36:59,689][clarena.cl_datasets.base][INFO] - Test dataset for task 3 are ready.
[2025-12-28 22:36:59,689][clarena.cl_datasets.base][INFO] - Test dataset for task 3 size: 10000
[2025-12-28 22:36:59,695][clarena.callbacks.pylogger][INFO] - Start testing continual learning task 3 on all previous and current tasks!
[2025-12-28 22:37:01,299][clarena.callbacks.pylogger][INFO] - Finish testing continual learning task 3 on all previous and current tasks!
[2025-12-28 22:37:01,311][clarena.callbacks.save_models][INFO] - Model saved!
[2025-12-28 22:37:01,413][clarena.cl_datasets.base][INFO] - Train and validation dataset for task 4 are ready.
[2025-12-28 22:37:01,413][clarena.cl_datasets.base][INFO] - Train dataset for task 4 size: 54000
[2025-12-28 22:37:01,413][clarena.cl_datasets.base][INFO] - Validation dataset for task 4 size: 6000
[2025-12-28 22:37:01,415][clarena.callbacks.pylogger][INFO] - Start training continual learning task 4!
[2025-12-28 22:38:07,617][clarena.callbacks.pylogger][INFO] - Finish training continual learning task 4!
[2025-12-28 22:38:07,642][clarena.cl_datasets.base][INFO] - Test dataset for task 4 are ready.
[2025-12-28 22:38:07,642][clarena.cl_datasets.base][INFO] - Test dataset for task 4 size: 10000
[2025-12-28 22:38:07,648][clarena.callbacks.pylogger][INFO] - Start testing continual learning task 4 on all previous and current tasks!
[2025-12-28 22:38:10,269][clarena.callbacks.pylogger][INFO] - Finish testing continual learning task 4 on all previous and current tasks!
[2025-12-28 22:38:10,278][clarena.callbacks.save_models][INFO] - Model saved!
[2025-12-28 22:38:10,290][clarena.cli][INFO] - [Full Exeperiment] Running: reference original experiment (continual unlearning)...
[2025-12-28 22:38:10,411][clarena.cl_datasets.base][INFO] - Train and validation dataset for task 1 are ready.
[2025-12-28 22:38:10,411][clarena.cl_datasets.base][INFO] - Train dataset for task 1 size: 54000
[2025-12-28 22:38:10,412][clarena.cl_datasets.base][INFO] - Validation dataset for task 1 size: 6000
[2025-12-28 22:38:10,413][clarena.callbacks.pylogger][INFO] - Start training continual learning task 1!
[2025-12-28 22:39:16,331][clarena.callbacks.pylogger][INFO] - Finish training continual learning task 1!
[2025-12-28 22:39:16,386][clarena.cl_datasets.base][INFO] - Test dataset for task 1 are ready.
[2025-12-28 22:39:16,386][clarena.cl_datasets.base][INFO] - Test dataset for task 1 size: 10000
[2025-12-28 22:39:16,392][clarena.callbacks.pylogger][INFO] - Start testing continual learning task 1 on all previous and current tasks!
[2025-12-28 22:39:17,960][clarena.callbacks.pylogger][INFO] - Finish testing continual learning task 1 on all previous and current tasks!
[2025-12-28 22:39:17,971][clarena.callbacks.save_models][INFO] - Model saved!
[2025-12-28 22:39:18,038][clarena.cl_datasets.base][INFO] - Train and validation dataset for task 2 are ready.
[2025-12-28 22:39:18,039][clarena.cl_datasets.base][INFO] - Train dataset for task 2 size: 54000
[2025-12-28 22:39:18,039][clarena.cl_datasets.base][INFO] - Validation dataset for task 2 size: 6000
[2025-12-28 22:39:18,041][clarena.callbacks.pylogger][INFO] - Start training continual learning task 2!
[2025-12-28 22:40:28,784][clarena.callbacks.pylogger][INFO] - Finish training continual learning task 2!
[2025-12-28 22:40:28,813][clarena.cl_datasets.base][INFO] - Test dataset for task 2 are ready.
[2025-12-28 22:40:28,813][clarena.cl_datasets.base][INFO] - Test dataset for task 2 size: 10000
[2025-12-28 22:40:28,822][clarena.callbacks.pylogger][INFO] - Start testing continual learning task 2 on all previous and current tasks!
[2025-12-28 22:40:32,486][clarena.callbacks.pylogger][INFO] - Finish testing continual learning task 2 on all previous and current tasks!
[2025-12-28 22:40:32,496][clarena.callbacks.save_models][INFO] - Model saved!
[2025-12-28 22:40:32,579][clarena.cl_datasets.base][INFO] - Train and validation dataset for task 3 are ready.
[2025-12-28 22:40:32,580][clarena.cl_datasets.base][INFO] - Train dataset for task 3 size: 54000
[2025-12-28 22:40:32,580][clarena.cl_datasets.base][INFO] - Validation dataset for task 3 size: 6000
[2025-12-28 22:40:32,582][clarena.callbacks.pylogger][INFO] - Start training continual learning task 3!
[2025-12-28 22:41:39,893][clarena.callbacks.pylogger][INFO] - Finish training continual learning task 3!
[2025-12-28 22:41:39,918][clarena.cl_datasets.base][INFO] - Test dataset for task 3 are ready.
[2025-12-28 22:41:39,918][clarena.cl_datasets.base][INFO] - Test dataset for task 3 size: 10000
[2025-12-28 22:41:39,926][clarena.callbacks.pylogger][INFO] - Start testing continual learning task 3 on all previous and current tasks!
[2025-12-28 22:41:44,165][clarena.callbacks.pylogger][INFO] - Finish testing continual learning task 3 on all previous and current tasks!
[2025-12-28 22:41:44,173][clarena.callbacks.save_models][INFO] - Model saved!
[2025-12-28 22:41:44,235][clarena.cl_datasets.base][INFO] - Train and validation dataset for task 4 are ready.
[2025-12-28 22:41:44,235][clarena.cl_datasets.base][INFO] - Train dataset for task 4 size: 54000
[2025-12-28 22:41:44,235][clarena.cl_datasets.base][INFO] - Validation dataset for task 4 size: 6000
[2025-12-28 22:41:44,237][clarena.callbacks.pylogger][INFO] - Start training continual learning task 4!
[2025-12-28 22:42:49,935][clarena.callbacks.pylogger][INFO] - Finish training continual learning task 4!
[2025-12-28 22:42:49,960][clarena.cl_datasets.base][INFO] - Test dataset for task 4 are ready.
[2025-12-28 22:42:49,960][clarena.cl_datasets.base][INFO] - Test dataset for task 4 size: 10000
[2025-12-28 22:42:49,967][clarena.callbacks.pylogger][INFO] - Start testing continual learning task 4 on all previous and current tasks!
[2025-12-28 22:42:55,396][clarena.callbacks.pylogger][INFO] - Finish testing continual learning task 4 on all previous and current tasks!
[2025-12-28 22:42:55,408][clarena.callbacks.save_models][INFO] - Model saved!
[2025-12-28 22:42:55,498][clarena.cl_datasets.base][INFO] - Train and validation dataset for task 5 are ready.
[2025-12-28 22:42:55,499][clarena.cl_datasets.base][INFO] - Train dataset for task 5 size: 54000
[2025-12-28 22:42:55,499][clarena.cl_datasets.base][INFO] - Validation dataset for task 5 size: 6000
[2025-12-28 22:42:55,500][clarena.callbacks.pylogger][INFO] - Start training continual learning task 5!
[2025-12-28 22:44:00,176][clarena.callbacks.pylogger][INFO] - Finish training continual learning task 5!
[2025-12-28 22:44:00,199][clarena.cl_datasets.base][INFO] - Test dataset for task 5 are ready.
[2025-12-28 22:44:00,200][clarena.cl_datasets.base][INFO] - Test dataset for task 5 size: 10000
[2025-12-28 22:44:00,207][clarena.callbacks.pylogger][INFO] - Start testing continual learning task 5 on all previous and current tasks!
[2025-12-28 22:44:06,543][clarena.callbacks.pylogger][INFO] - Finish testing continual learning task 5 on all previous and current tasks!
[2025-12-28 22:44:06,550][clarena.callbacks.save_models][INFO] - Model saved!
[2025-12-28 22:44:06,560][clarena.cli][INFO] - [Full Exeperiment] Running: continual unlearning full evaluation...
[2025-12-28 22:44:06,622][clarena.cl_datasets.base][INFO] - Test dataset for task 1 are ready.
[2025-12-28 22:44:06,622][clarena.cl_datasets.base][INFO] - Test dataset for task 1 size: 10000
[2025-12-28 22:44:06,626][clarena.cl_datasets.base][INFO] - Test dataset for task 2 are ready.
[2025-12-28 22:44:06,626][clarena.cl_datasets.base][INFO] - Test dataset for task 2 size: 10000
[2025-12-28 22:44:06,629][clarena.cl_datasets.base][INFO] - Test dataset for task 3 are ready.
[2025-12-28 22:44:06,629][clarena.cl_datasets.base][INFO] - Test dataset for task 3 size: 10000
[2025-12-28 22:44:06,631][clarena.cl_datasets.base][INFO] - Test dataset for task 4 are ready.
[2025-12-28 22:44:06,631][clarena.cl_datasets.base][INFO] - Test dataset for task 4 size: 10000
[2025-12-28 22:44:06,634][clarena.cl_datasets.base][INFO] - Test dataset for task 5 are ready.
[2025-12-28 22:44:06,634][clarena.cl_datasets.base][INFO] - Test dataset for task 5 size: 10000
[2025-12-28 22:44:06,638][clarena.cl_datasets.base][INFO] - Test dataset for task 5 are ready.
[2025-12-28 22:44:06,638][clarena.cl_datasets.base][INFO] - Test dataset for task 5 size: 10000
