CONFIG
├── pipeline
│   └── CUL_FULL_EVAL                                                                                                                                                                                                                                                                         
├── dd_eval_tasks
│   └── 5                                                                                                                                                                                                                                                                                     
├── ad_eval_tasks
│   └── 5                                                                                                                                                                                                                                                                                     
├── global_seed
│   └── 1                                                                                                                                                                                                                                                                                     
├── main_model_path
│   └── amnesiachat_output/main_study/smnist_5tasks/saved_models/cl_model.pth                                                                                                                                                                                                                 
├── refretrain_model_path
│   └── amnesiachat_output/main_study/smnist_5tasks/refretrain/saved_models/cl_model.pth                                                                                                                                                                                                      
├── reforiginal_model_path
│   └── amnesiachat_output/main_study/smnist_5tasks/reforiginal/saved_models/cl_model.pth                                                                                                                                                                                                     
├── cl_paradigm
│   └── TIL                                                                                                                                                                                                                                                                                   
├── cl_dataset
│   └── _target_: clarena.cl_datasets.SplitMNIST                                                                                                                                                                                                                                              
│       root: data/MNIST                                                                                                                                                                                                                                                                      
│       class_split:                                                                                                                                                                                                                                                                          
│         1:                                                                                                                                                                                                                                                                                  
│         - 0                                                                                                                                                                                                                                                                                 
│         - 1                                                                                                                                                                                                                                                                                 
│         2:                                                                                                                                                                                                                                                                                  
│         - 2                                                                                                                                                                                                                                                                                 
│         - 3                                                                                                                                                                                                                                                                                 
│         3:                                                                                                                                                                                                                                                                                  
│         - 4                                                                                                                                                                                                                                                                                 
│         - 5                                                                                                                                                                                                                                                                                 
│         4:                                                                                                                                                                                                                                                                                  
│         - 6                                                                                                                                                                                                                                                                                 
│         - 7                                                                                                                                                                                                                                                                                 
│         5:                                                                                                                                                                                                                                                                                  
│         - 8                                                                                                                                                                                                                                                                                 
│         - 9                                                                                                                                                                                                                                                                                 
│       validation_percentage: 0.1                                                                                                                                                                                                                                                            
│       batch_size: 64                                                                                                                                                                                                                                                                        
│                                                                                                                                                                                                                                                                                             
├── trainer
│   └── _target_: lightning.Trainer                                                                                                                                                                                                                                                           
│       accelerator: cpu                                                                                                                                                                                                                                                                      
│       devices: 1                                                                                                                                                                                                                                                                            
│       max_epochs: 2                                                                                                                                                                                                                                                                         
│       profiler:                                                                                                                                                                                                                                                                             
│         _target_: lightning.pytorch.profilers.SimpleProfiler                                                                                                                                                                                                                                
│         dirpath: amnesiachat_output/main_study/smnist_5tasks/profiler                                                                                                                                                                                                                       
│         filename: profiler                                                                                                                                                                                                                                                                  
│       default_root_dir: amnesiachat_output/main_study/smnist_5tasks                                                                                                                                                                                                                         
│       log_every_n_steps: 20                                                                                                                                                                                                                                                                 
│       enable_checkpointing: false                                                                                                                                                                                                                                                           
│                                                                                                                                                                                                                                                                                             
├── metrics
│   └── [{'_target_': 'clarena.metrics.CULDistributionDistance', 'save_dir': '${output_dir}/results/', 'distribution_distance_type': 'cka', 'distribution_distance_csv_name': 'dd.csv', 'distribution_distance_plot_name': 'dd.png'}, {'_target_': 'clarena.metrics.CULAccuracyDifference', 's
├── callbacks
│   └── [{'_target_': 'lightning.pytorch.callbacks.RichProgressBar'}]                                                                                                                                                                                                                         
├── misc
│   └── config_tree:                                                                                                                                                                                                                                                                          
│         print: true                                                                                                                                                                                                                                                                         
│         save: true                                                                                                                                                                                                                                                                          
│         save_path: amnesiachat_output/main_study/smnist_5tasks/config_tree.log                                                                                                                                                                                                              
│         style: dim                                                                                                                                                                                                                                                                          
│         guide_style: dim                                                                                                                                                                                                                                                                    
│       timestamp: 2025-12-28_23-52-55                                                                                                                                                                                                                                                        
│                                                                                                                                                                                                                                                                                             
└── output_dir
    └── amnesiachat_output/main_study/smnist_5tasks                                                                                                                                                                                                                                           
