CONFIG
+-- cl_dataset
|   `-- _target_: clarena.cl_datasets.PermutedMNIST                                                                                            
|       root: data/MNIST                                                                                                                       
|       num_tasks: 20                                                                                                                          
|       validation_percentage: 0.1                                                                                                             
|       batch_size: 128                                                                                                                        
|       permutation_mode: first_channel_only                                                                                                   
|                                                                                                                                              
+-- backbone
|   `-- _target_: clarena.backbones.CLMLP                                                                                                      
|       input_dim: 784                                                                                                                         
|       hidden_dims:                                                                                                                           
|       - 256                                                                                                                                  
|       - 100                                                                                                                                  
|       output_dim: 64                                                                                                                         
|                                                                                                                                              
+-- cl_algorithm
|   `-- _target_: clarena.cl_algorithms.UnlearnableIndependent                                                                                 
|                                                                                                                                              
+-- optimizer
|   `-- _target_: torch.optim.Adam                                                                                                             
|       _partial_: true                                                                                                                        
|       lr: 0.001                                                                                                                              
|       weight_decay: 0.0                                                                                                                      
|                                                                                                                                              
+-- lr_scheduler
|   `-- _target_: torch.optim.lr_scheduler.ReduceLROnPlateau                                                                                   
|       _partial_: true                                                                                                                        
|       mode: min                                                                                                                              
|       factor: 0.1                                                                                                                            
|       patience: 10                                                                                                                           
|                                                                                                                                              
+-- trainer
|   `-- _target_: lightning.Trainer                                                                                                            
|       accelerator: cpu                                                                                                                       
|       devices: 1                                                                                                                             
|       max_epochs: 2                                                                                                                          
|       profiler:                                                                                                                              
|         _target_: lightning.pytorch.profilers.SimpleProfiler                                                                                 
|         dirpath: output_amnesiachat_paper/main_study/pmnist_5tasks_til/independent/seed_1\reforiginal/profiler                               
|         filename: profiler                                                                                                                   
|       default_root_dir: output_amnesiachat_paper/main_study/pmnist_5tasks_til/independent/seed_1\reforiginal                                 
|       log_every_n_steps: 20                                                                                                                  
|       enable_checkpointing: false                                                                                                            
|                                                                                                                                              
+-- metrics
|   `-- [{'_target_': 'clarena.metrics.CLAccuracy', 'save_dir': '${output_dir}/results/', 'test_acc_csv_name': 'acc.csv', 'test_acc_matrix_plot
+-- lightning_loggers
|   `-- csv:                                                                                                                                   
|         _target_: lightning.pytorch.loggers.CSVLogger                                                                                        
|         save_dir: output_amnesiachat_paper/main_study/pmnist_5tasks_til/independent/seed_1\reforiginal/lightning_logs/                       
|         name: csv                                                                                                                            
|       tensorboard:                                                                                                                           
|         _target_: lightning.pytorch.loggers.TensorBoardLogger                                                                                
|         save_dir: output_amnesiachat_paper/main_study/pmnist_5tasks_til/independent/seed_1\reforiginal/lightning_logs/                       
|         name: tensorboard                                                                                                                    
|                                                                                                                                              
+-- callbacks
|   `-- [{'_target_': 'clarena.callbacks.CLPylogger'}, {'_target_': 'lightning.pytorch.callbacks.RichProgressBar'}, {'_target_': 'clarena.callb
+-- misc
|   `-- config_tree:                                                                                                                           
|         print: true                                                                                                                          
|         save: true                                                                                                                           
|         save_path: output_amnesiachat_paper/main_study/pmnist_5tasks_til/independent/seed_1\reforiginal/config_tree.log                      
|         style: dim                                                                                                                           
|         guide_style: dim                                                                                                                     
|       timestamp: 2026-01-09_14-22-29                                                                                                         
|                                                                                                                                              
+-- pipeline
|   `-- CUL_FULL_EXPR                                                                                                                          
+-- expr_name
|   `-- inpdendent_pmnist_5tasks                                                                                                               
+-- train_tasks
|   `-- 5                                                                                                                                      
+-- eval_after_tasks
|   `-- 5                                                                                                                                      
+-- global_seed
|   `-- 1                                                                                                                                      
+-- cl_paradigm
|   `-- TIL                                                                                                                                    
+-- unlearnable_age
|   `-- 3                                                                                                                                      
`-- output_dir
    `-- output_amnesiachat_paper/main_study/pmnist_5tasks_til/independent/seed_1\reforiginal                                                   
