[2025-12-28 22:24:35,249][clarena.cli][INFO] - Running: continual unlearning full experiment...
[2025-12-28 22:24:35,250][clarena.cli][INFO] - [Full Exeperiment] Running: continual unlearning main experiment...
[2025-12-28 22:24:38,878][clarena.cl_datasets.base][INFO] - Train and validation dataset for task 1 are ready.
[2025-12-28 22:24:38,878][clarena.cl_datasets.base][INFO] - Train dataset for task 1 size: 11399
[2025-12-28 22:24:38,878][clarena.cl_datasets.base][INFO] - Validation dataset for task 1 size: 1266
[2025-12-28 22:24:38,882][clarena.callbacks.pylogger][INFO] - Start training continual learning task 1!
[2025-12-28 22:24:53,426][clarena.callbacks.pylogger][INFO] - Finish training continual learning task 1!
[2025-12-28 22:24:53,427][clarena.cl_algorithms.amnesiac_hat][INFO] - Backup backbone state dicts saved for unlearning tasks.
[2025-12-28 22:24:54,088][clarena.cl_datasets.base][INFO] - Test dataset for task 1 are ready.
[2025-12-28 22:24:54,088][clarena.cl_datasets.base][INFO] - Test dataset for task 1 size: 2115
[2025-12-28 22:24:54,092][clarena.callbacks.pylogger][INFO] - Start testing continual learning task 1 on all previous and current tasks!
[2025-12-28 22:24:54,755][clarena.callbacks.pylogger][INFO] - Finish testing continual learning task 1 on all previous and current tasks!
[2025-12-28 22:24:54,773][clarena.callbacks.save_models][INFO] - Model saved!
[2025-12-28 22:24:57,278][clarena.cl_datasets.base][INFO] - Train and validation dataset for task 2 are ready.
[2025-12-28 22:24:57,278][clarena.cl_datasets.base][INFO] - Train dataset for task 2 size: 10881
[2025-12-28 22:24:57,278][clarena.cl_datasets.base][INFO] - Validation dataset for task 2 size: 1208
[2025-12-28 22:24:57,280][clarena.callbacks.pylogger][INFO] - Start training continual learning task 2!
[2025-12-28 22:25:18,897][clarena.callbacks.pylogger][INFO] - Finish training continual learning task 2!
[2025-12-28 22:25:18,898][clarena.cl_algorithms.amnesiac_hat][INFO] - Backup backbone state dicts saved for unlearning tasks.
[2025-12-28 22:25:18,910][clarena.cul_algorithms.amnesiac_hat_unlearn][INFO] - Starting unlearning process for tasks: [1]...
[2025-12-28 22:25:18,911][clarena.cul_algorithms.amnesiac_hat_unlearn][INFO] - Deleted parameter update for unlearning task [1].
[2025-12-28 22:25:19,059][clarena.cul_algorithms.amnesiac_hat_unlearn][INFO] - Unlearning process finished.
[2025-12-28 22:25:19,696][clarena.cl_datasets.base][INFO] - Test dataset for task 2 are ready.
[2025-12-28 22:25:19,696][clarena.cl_datasets.base][INFO] - Test dataset for task 2 size: 2042
[2025-12-28 22:25:19,700][clarena.callbacks.pylogger][INFO] - Start testing continual learning task 2 on all previous and current tasks!
[2025-12-28 22:25:20,456][clarena.callbacks.pylogger][INFO] - Finish testing continual learning task 2 on all previous and current tasks!
[2025-12-28 22:25:20,486][clarena.callbacks.save_models][INFO] - Model saved!
[2025-12-28 22:25:23,161][clarena.cl_datasets.base][INFO] - Train and validation dataset for task 3 are ready.
[2025-12-28 22:25:23,161][clarena.cl_datasets.base][INFO] - Train dataset for task 3 size: 10137
[2025-12-28 22:25:23,161][clarena.cl_datasets.base][INFO] - Validation dataset for task 3 size: 1126
[2025-12-28 22:25:23,163][clarena.callbacks.pylogger][INFO] - Start training continual learning task 3!
[2025-12-28 22:25:41,585][clarena.callbacks.pylogger][INFO] - Finish training continual learning task 3!
[2025-12-28 22:25:41,587][clarena.cl_algorithms.amnesiac_hat][INFO] - Backup backbone state dicts saved for unlearning tasks.
[2025-12-28 22:25:42,272][clarena.cl_datasets.base][INFO] - Test dataset for task 3 are ready.
[2025-12-28 22:25:42,272][clarena.cl_datasets.base][INFO] - Test dataset for task 3 size: 1874
[2025-12-28 22:25:42,276][clarena.callbacks.pylogger][INFO] - Start testing continual learning task 3 on all previous and current tasks!
[2025-12-28 22:25:43,291][clarena.callbacks.pylogger][INFO] - Finish testing continual learning task 3 on all previous and current tasks!
[2025-12-28 22:25:43,332][clarena.callbacks.save_models][INFO] - Model saved!
[2025-12-28 22:25:46,017][clarena.cl_datasets.base][INFO] - Train and validation dataset for task 4 are ready.
[2025-12-28 22:25:46,017][clarena.cl_datasets.base][INFO] - Train dataset for task 4 size: 10965
[2025-12-28 22:25:46,017][clarena.cl_datasets.base][INFO] - Validation dataset for task 4 size: 1218
[2025-12-28 22:25:46,018][clarena.callbacks.pylogger][INFO] - Start training continual learning task 4!
[2025-12-28 22:26:09,307][clarena.callbacks.pylogger][INFO] - Finish training continual learning task 4!
[2025-12-28 22:26:09,309][clarena.cl_algorithms.amnesiac_hat][INFO] - Backup backbone state dicts saved for unlearning tasks.
[2025-12-28 22:26:09,322][clarena.cul_algorithms.amnesiac_hat_unlearn][INFO] - Starting unlearning process for tasks: [2]...
[2025-12-28 22:26:09,322][clarena.cul_algorithms.amnesiac_hat_unlearn][INFO] - Deleted parameter update for unlearning task [2].
[2025-12-28 22:26:09,535][clarena.cul_algorithms.amnesiac_hat_unlearn][INFO] - Unlearning process finished.
[2025-12-28 22:26:10,192][clarena.cl_datasets.base][INFO] - Test dataset for task 4 are ready.
[2025-12-28 22:26:10,193][clarena.cl_datasets.base][INFO] - Test dataset for task 4 size: 1986
[2025-12-28 22:26:10,197][clarena.callbacks.pylogger][INFO] - Start testing continual learning task 4 on all previous and current tasks!
[2025-12-28 22:26:11,451][clarena.callbacks.pylogger][INFO] - Finish testing continual learning task 4 on all previous and current tasks!
[2025-12-28 22:26:11,508][clarena.callbacks.save_models][INFO] - Model saved!
[2025-12-28 22:26:14,103][clarena.cl_datasets.base][INFO] - Train and validation dataset for task 5 are ready.
[2025-12-28 22:26:14,103][clarena.cl_datasets.base][INFO] - Train dataset for task 5 size: 10620
[2025-12-28 22:26:14,103][clarena.cl_datasets.base][INFO] - Validation dataset for task 5 size: 1180
[2025-12-28 22:26:14,105][clarena.callbacks.pylogger][INFO] - Start training continual learning task 5!
[2025-12-28 22:26:34,552][clarena.callbacks.pylogger][INFO] - Finish training continual learning task 5!
[2025-12-28 22:26:34,554][clarena.cl_algorithms.amnesiac_hat][INFO] - Backup backbone state dicts saved for unlearning tasks.
[2025-12-28 22:26:34,566][clarena.cul_algorithms.amnesiac_hat_unlearn][INFO] - Starting unlearning process for tasks: [5]...
[2025-12-28 22:26:34,566][clarena.cul_algorithms.amnesiac_hat_unlearn][INFO] - Deleted parameter update for unlearning task [5].
[2025-12-28 22:26:34,735][clarena.cul_algorithms.amnesiac_hat_unlearn][INFO] - Unlearning process finished.
[2025-12-28 22:26:35,353][clarena.cl_datasets.base][INFO] - Test dataset for task 5 are ready.
[2025-12-28 22:26:35,353][clarena.cl_datasets.base][INFO] - Test dataset for task 5 size: 1983
[2025-12-28 22:26:35,358][clarena.callbacks.pylogger][INFO] - Start testing continual learning task 5 on all previous and current tasks!
[2025-12-28 22:26:36,848][clarena.callbacks.pylogger][INFO] - Finish testing continual learning task 5 on all previous and current tasks!
[2025-12-28 22:26:36,902][clarena.callbacks.save_models][INFO] - Model saved!
[2025-12-28 22:26:36,909][clarena.cli][INFO] - [Full Exeperiment] Running: reference retrain experiment (continual unlearning)...
[2025-12-28 22:26:39,461][clarena.cl_datasets.base][INFO] - Train and validation dataset for task 3 are ready.
[2025-12-28 22:26:39,461][clarena.cl_datasets.base][INFO] - Train dataset for task 3 size: 10137
[2025-12-28 22:26:39,461][clarena.cl_datasets.base][INFO] - Validation dataset for task 3 size: 1126
[2025-12-28 22:26:39,462][clarena.callbacks.pylogger][INFO] - Start training continual learning task 3!
[2025-12-28 22:26:51,923][clarena.callbacks.pylogger][INFO] - Finish training continual learning task 3!
[2025-12-28 22:26:52,562][clarena.cl_datasets.base][INFO] - Test dataset for task 3 are ready.
[2025-12-28 22:26:52,562][clarena.cl_datasets.base][INFO] - Test dataset for task 3 size: 1874
[2025-12-28 22:26:52,565][clarena.callbacks.pylogger][INFO] - Start testing continual learning task 3 on all previous and current tasks!
[2025-12-28 22:26:53,010][clarena.callbacks.pylogger][INFO] - Finish testing continual learning task 3 on all previous and current tasks!
[2025-12-28 22:26:53,018][clarena.callbacks.save_models][INFO] - Model saved!
[2025-12-28 22:26:55,564][clarena.cl_datasets.base][INFO] - Train and validation dataset for task 4 are ready.
[2025-12-28 22:26:55,564][clarena.cl_datasets.base][INFO] - Train dataset for task 4 size: 10965
[2025-12-28 22:26:55,564][clarena.cl_datasets.base][INFO] - Validation dataset for task 4 size: 1218
[2025-12-28 22:26:55,565][clarena.callbacks.pylogger][INFO] - Start training continual learning task 4!
[2025-12-28 22:27:08,794][clarena.callbacks.pylogger][INFO] - Finish training continual learning task 4!
[2025-12-28 22:27:09,463][clarena.cl_datasets.base][INFO] - Test dataset for task 4 are ready.
[2025-12-28 22:27:09,494][clarena.cl_datasets.base][INFO] - Test dataset for task 4 size: 1986
[2025-12-28 22:27:09,540][clarena.callbacks.pylogger][INFO] - Start testing continual learning task 4 on all previous and current tasks!
[2025-12-28 22:27:10,518][clarena.callbacks.pylogger][INFO] - Finish testing continual learning task 4 on all previous and current tasks!
[2025-12-28 22:27:10,526][clarena.callbacks.save_models][INFO] - Model saved!
[2025-12-28 22:27:10,534][clarena.cli][INFO] - [Full Exeperiment] Running: reference original experiment (continual unlearning)...
[2025-12-28 22:27:13,347][clarena.cl_datasets.base][INFO] - Train and validation dataset for task 1 are ready.
[2025-12-28 22:27:13,347][clarena.cl_datasets.base][INFO] - Train dataset for task 1 size: 11399
[2025-12-28 22:27:13,347][clarena.cl_datasets.base][INFO] - Validation dataset for task 1 size: 1266
[2025-12-28 22:27:13,348][clarena.callbacks.pylogger][INFO] - Start training continual learning task 1!
[2025-12-28 22:27:27,276][clarena.callbacks.pylogger][INFO] - Finish training continual learning task 1!
[2025-12-28 22:27:27,923][clarena.cl_datasets.base][INFO] - Test dataset for task 1 are ready.
[2025-12-28 22:27:27,923][clarena.cl_datasets.base][INFO] - Test dataset for task 1 size: 2115
[2025-12-28 22:27:27,927][clarena.callbacks.pylogger][INFO] - Start testing continual learning task 1 on all previous and current tasks!
[2025-12-28 22:27:28,378][clarena.callbacks.pylogger][INFO] - Finish testing continual learning task 1 on all previous and current tasks!
[2025-12-28 22:27:28,389][clarena.callbacks.save_models][INFO] - Model saved!
[2025-12-28 22:27:30,938][clarena.cl_datasets.base][INFO] - Train and validation dataset for task 2 are ready.
[2025-12-28 22:27:30,938][clarena.cl_datasets.base][INFO] - Train dataset for task 2 size: 10881
[2025-12-28 22:27:30,938][clarena.cl_datasets.base][INFO] - Validation dataset for task 2 size: 1208
[2025-12-28 22:27:30,939][clarena.callbacks.pylogger][INFO] - Start training continual learning task 2!
[2025-12-28 22:27:43,497][clarena.callbacks.pylogger][INFO] - Finish training continual learning task 2!
[2025-12-28 22:27:44,127][clarena.cl_datasets.base][INFO] - Test dataset for task 2 are ready.
[2025-12-28 22:27:44,127][clarena.cl_datasets.base][INFO] - Test dataset for task 2 size: 2042
[2025-12-28 22:27:44,131][clarena.callbacks.pylogger][INFO] - Start testing continual learning task 2 on all previous and current tasks!
[2025-12-28 22:27:44,826][clarena.callbacks.pylogger][INFO] - Finish testing continual learning task 2 on all previous and current tasks!
[2025-12-28 22:27:44,834][clarena.callbacks.save_models][INFO] - Model saved!
[2025-12-28 22:27:47,350][clarena.cl_datasets.base][INFO] - Train and validation dataset for task 3 are ready.
[2025-12-28 22:27:47,350][clarena.cl_datasets.base][INFO] - Train dataset for task 3 size: 10137
[2025-12-28 22:27:47,350][clarena.cl_datasets.base][INFO] - Validation dataset for task 3 size: 1126
[2025-12-28 22:27:47,351][clarena.callbacks.pylogger][INFO] - Start training continual learning task 3!
[2025-12-28 22:27:59,687][clarena.callbacks.pylogger][INFO] - Finish training continual learning task 3!
[2025-12-28 22:28:00,343][clarena.cl_datasets.base][INFO] - Test dataset for task 3 are ready.
[2025-12-28 22:28:00,343][clarena.cl_datasets.base][INFO] - Test dataset for task 3 size: 1874
[2025-12-28 22:28:00,347][clarena.callbacks.pylogger][INFO] - Start testing continual learning task 3 on all previous and current tasks!
[2025-12-28 22:28:01,280][clarena.callbacks.pylogger][INFO] - Finish testing continual learning task 3 on all previous and current tasks!
[2025-12-28 22:28:01,288][clarena.callbacks.save_models][INFO] - Model saved!
[2025-12-28 22:28:04,004][clarena.cl_datasets.base][INFO] - Train and validation dataset for task 4 are ready.
[2025-12-28 22:28:04,004][clarena.cl_datasets.base][INFO] - Train dataset for task 4 size: 10965
[2025-12-28 22:28:04,005][clarena.cl_datasets.base][INFO] - Validation dataset for task 4 size: 1218
[2025-12-28 22:28:04,006][clarena.callbacks.pylogger][INFO] - Start training continual learning task 4!
[2025-12-28 22:28:16,728][clarena.callbacks.pylogger][INFO] - Finish training continual learning task 4!
[2025-12-28 22:28:17,354][clarena.cl_datasets.base][INFO] - Test dataset for task 4 are ready.
[2025-12-28 22:28:17,354][clarena.cl_datasets.base][INFO] - Test dataset for task 4 size: 1986
[2025-12-28 22:28:17,360][clarena.callbacks.pylogger][INFO] - Start testing continual learning task 4 on all previous and current tasks!
[2025-12-28 22:28:18,670][clarena.callbacks.pylogger][INFO] - Finish testing continual learning task 4 on all previous and current tasks!
[2025-12-28 22:28:18,677][clarena.callbacks.save_models][INFO] - Model saved!
[2025-12-28 22:28:21,400][clarena.cl_datasets.base][INFO] - Train and validation dataset for task 5 are ready.
[2025-12-28 22:28:21,400][clarena.cl_datasets.base][INFO] - Train dataset for task 5 size: 10620
[2025-12-28 22:28:21,400][clarena.cl_datasets.base][INFO] - Validation dataset for task 5 size: 1180
[2025-12-28 22:28:21,402][clarena.callbacks.pylogger][INFO] - Start training continual learning task 5!
[2025-12-28 22:28:33,965][clarena.callbacks.pylogger][INFO] - Finish training continual learning task 5!
[2025-12-28 22:28:34,588][clarena.cl_datasets.base][INFO] - Test dataset for task 5 are ready.
[2025-12-28 22:28:34,588][clarena.cl_datasets.base][INFO] - Test dataset for task 5 size: 1983
[2025-12-28 22:28:34,593][clarena.callbacks.pylogger][INFO] - Start testing continual learning task 5 on all previous and current tasks!
[2025-12-28 22:28:36,113][clarena.callbacks.pylogger][INFO] - Finish testing continual learning task 5 on all previous and current tasks!
[2025-12-28 22:28:36,121][clarena.callbacks.save_models][INFO] - Model saved!
[2025-12-28 22:28:36,128][clarena.cli][INFO] - [Full Exeperiment] Running: continual unlearning full evaluation...
[2025-12-28 22:28:36,594][clarena.cl_datasets.base][INFO] - Test dataset for task 1 are ready.
[2025-12-28 22:28:36,594][clarena.cl_datasets.base][INFO] - Test dataset for task 1 size: 2115
[2025-12-28 22:28:37,102][clarena.cl_datasets.base][INFO] - Test dataset for task 2 are ready.
[2025-12-28 22:28:37,102][clarena.cl_datasets.base][INFO] - Test dataset for task 2 size: 2042
[2025-12-28 22:28:37,620][clarena.cl_datasets.base][INFO] - Test dataset for task 3 are ready.
[2025-12-28 22:28:37,621][clarena.cl_datasets.base][INFO] - Test dataset for task 3 size: 1874
[2025-12-28 22:28:38,137][clarena.cl_datasets.base][INFO] - Test dataset for task 4 are ready.
[2025-12-28 22:28:38,137][clarena.cl_datasets.base][INFO] - Test dataset for task 4 size: 1986
[2025-12-28 22:28:38,655][clarena.cl_datasets.base][INFO] - Test dataset for task 5 are ready.
[2025-12-28 22:28:38,655][clarena.cl_datasets.base][INFO] - Test dataset for task 5 size: 1983
[2025-12-28 22:28:39,174][clarena.cl_datasets.base][INFO] - Test dataset for task 5 are ready.
[2025-12-28 22:28:39,174][clarena.cl_datasets.base][INFO] - Test dataset for task 5 size: 1983
