CONFIG
+-- pipeline
|   `-- CUL_FULL_EVAL                                                                                                                          
+-- dd_eval_tasks
|   `-- 5                                                                                                                                      
+-- ad_eval_tasks
|   `-- 5                                                                                                                                      
+-- global_seed
|   `-- 1                                                                                                                                      
+-- main_model_path
|   `-- output_amnesiachat_paper/main_study/pmnist_5tasks_til/independent/seed_1\saved_models\cl_model.pth                                     
+-- refretrain_model_path
|   `-- output_amnesiachat_paper/main_study/pmnist_5tasks_til/independent/seed_1\refretrain\saved_models\cl_model.pth                          
+-- reforiginal_model_path
|   `-- output_amnesiachat_paper/main_study/pmnist_5tasks_til/independent/seed_1\reforiginal\saved_models\cl_model.pth                         
+-- cl_paradigm
|   `-- TIL                                                                                                                                    
+-- cl_dataset
|   `-- _target_: clarena.cl_datasets.PermutedMNIST                                                                                            
|       root: data/MNIST                                                                                                                       
|       num_tasks: 20                                                                                                                          
|       validation_percentage: 0.1                                                                                                             
|       batch_size: 128                                                                                                                        
|       permutation_mode: first_channel_only                                                                                                   
|                                                                                                                                              
+-- trainer
|   `-- _target_: lightning.Trainer                                                                                                            
|       accelerator: cpu                                                                                                                       
|       devices: 1                                                                                                                             
|       max_epochs: 2                                                                                                                          
|       profiler:                                                                                                                              
|         _target_: lightning.pytorch.profilers.SimpleProfiler                                                                                 
|         dirpath: output_amnesiachat_paper/main_study/pmnist_5tasks_til/independent/seed_1/profiler                                           
|         filename: profiler                                                                                                                   
|       default_root_dir: output_amnesiachat_paper/main_study/pmnist_5tasks_til/independent/seed_1                                             
|       log_every_n_steps: 20                                                                                                                  
|       enable_checkpointing: false                                                                                                            
|                                                                                                                                              
+-- metrics
|   `-- [{'_target_': 'clarena.metrics.CULDistributionDistance', 'save_dir': '${output_dir}/results/', 'distribution_distance_type': 'cka', 'di
+-- callbacks
|   `-- [{'_target_': 'lightning.pytorch.callbacks.RichProgressBar'}]                                                                          
+-- misc
|   `-- config_tree:                                                                                                                           
|         print: true                                                                                                                          
|         save: true                                                                                                                           
|         save_path: output_amnesiachat_paper/main_study/pmnist_5tasks_til/independent/seed_1/config_tree.log                                  
|         style: dim                                                                                                                           
|         guide_style: dim                                                                                                                     
|       timestamp: 2026-01-09_14-22-29                                                                                                         
|                                                                                                                                              
`-- output_dir
    `-- output_amnesiachat_paper/main_study/pmnist_5tasks_til/independent/seed_1                                                               
